This file contains any messages produced by compilers while
running configure, to aid debugging if configure makes a mistake.

It was created by openocd configure 0.8.0-rc2, which was
generated by GNU Autoconf 2.69.  Invocation command line was

  $ ./configure --disable-werror --enable-ftdi --build=i686-pc-cygwin --host=i686-pc-mingw32

## --------- ##
## Platform. ##
## --------- ##

hostname = t3610-kbrinkley
uname -m = i686
uname -r = 1.7.29(0.272/5/3)
uname -s = CYGWIN_NT-6.1-WOW64
uname -v = 2014-04-07 13:44

/usr/bin/uname -p = unknown
/bin/uname -X     = unknown

/bin/arch              = i686
/usr/bin/arch -k       = unknown
/usr/convex/getsysinfo = unknown
/usr/bin/hostinfo      = unknown
/bin/machine           = unknown
/usr/bin/oslevel       = unknown
/bin/universe          = unknown

PATH: /usr/local/bin
PATH: /usr/bin
PATH: /cygdrive/c/"Program Files (x86)"/GnuWin32/bin
PATH: /cygdrive/c/mips/NavigatorICS/bin
PATH: /cygdrive/c/mips/NavigatorConsole/bin
PATH: /cygdrive/c/mips/NavigatorICS/bin
PATH: /cygdrive/c/Program Files (x86)/Intel/iCLS Client
PATH: /cygdrive/c/Program Files/Intel/iCLS Client
PATH: /cygdrive/c/Windows/system32
PATH: /cygdrive/c/Windows
PATH: /cygdrive/c/Windows/System32/Wbem
PATH: /cygdrive/c/Windows/System32/WindowsPowerShell/v1.0
PATH: /cygdrive/c/Program Files/Intel/Intel(R) Management Engine Components/DAL
PATH: /cygdrive/c/Program Files/Intel/Intel(R) Management Engine Components/IPT
PATH: /cygdrive/c/Program Files (x86)/Intel/Intel(R) Management Engine Components/DAL
PATH: /cygdrive/c/Program Files (x86)/Intel/Intel(R) Management Engine Components/IPT
PATH: /cygdrive/c/Program Files (x86)/grep-2.5.4-bin/bin
PATH: /cygdrive/c/Users/kent.brinkley/MentorGraphics/Sourcery_CodeBench_Lite_for_MIPS_ELF/bin


## ----------- ##
## Core tests. ##
## ----------- ##

configure:2624: checking for a BSD-compatible install
configure:2692: result: /usr/bin/install -c
configure:2703: checking whether build environment is sane
configure:2758: result: yes
configure:2817: checking for i686-pc-mingw32-strip
configure:2833: found /usr/bin/i686-pc-mingw32-strip
configure:2844: result: i686-pc-mingw32-strip
configure:2909: checking for a thread-safe mkdir -p
configure:2948: result: /usr/bin/mkdir -p
configure:2955: checking for gawk
configure:2971: found /usr/bin/gawk
configure:2982: result: gawk
configure:2993: checking whether make sets $(MAKE)
configure:3015: result: yes
configure:3044: checking whether make supports nested variables
configure:3061: result: yes
configure:3205: checking for i686-pc-mingw32-gcc
configure:3221: found /usr/bin/i686-pc-mingw32-gcc
configure:3232: result: i686-pc-mingw32-gcc
configure:3501: checking for C compiler version
configure:3510: i686-pc-mingw32-gcc --version >&5
i686-pc-mingw32-gcc (GCC) 4.7.3
Copyright (C) 2012 Free Software Foundation, Inc.
This is free software; see the source for copying conditions.  There is NO
warranty; not even for MERCHANTABILITY or FITNESS FOR A PARTICULAR PURPOSE.

configure:3521: $? = 0
configure:3510: i686-pc-mingw32-gcc -v >&5
Using built-in specs.
COLLECT_GCC=i686-pc-mingw32-gcc
COLLECT_LTO_WRAPPER=/usr/lib/gcc/i686-pc-mingw32/4.7.3/lto-wrapper.exe
Target: i686-pc-mingw32
Configured with: /usr/src/packages/mingw-gcc/32/mingw-gcc-4.7.3-1/src/gcc-4.7.3/configure --srcdir=/usr/src/packages/mingw-gcc/32/mingw-gcc-4.7.3-1/src/gcc-4.7.3 --prefix=/usr --exec-prefix=/usr --bindir=/usr/bin --sbindir=/usr/sbin --libexecdir=/usr/lib --datadir=/usr/share --localstatedir=/var --sysconfdir=/etc --datarootdir=/usr/share --docdir=/usr/share/doc/mingw-gcc -C --build=i686-pc-cygwin --host=i686-pc-cygwin --target=i686-pc-mingw32 --without-libiconv-prefix --without-libintl-prefix --with-sysroot=/usr/i686-pc-mingw32/sys-root --with-build-sysroot=/usr/i686-pc-mingw32/sys-root --enable-languages=c,c++,ada,fortran,objc,obj-c++ --disable-sjlj-exceptions --with-dwarf2 --enable-shared --enable-libgomp --disable-win32-registry --enable-libstdcxx-debug --disable-build-poststage1-with-cxx --enable-version-specific-runtime-libs --disable-multilib --enable-decimal-float=bid --disable-werror --enable-lto
Thread model: win32
gcc version 4.7.3 (GCC) 
configure:3521: $? = 0
configure:3510: i686-pc-mingw32-gcc -V >&5
i686-pc-mingw32-gcc: error: unrecognized command line option '-V'
i686-pc-mingw32-gcc: fatal error: no input files
compilation terminated.
configure:3521: $? = 1
configure:3510: i686-pc-mingw32-gcc -qversion >&5
i686-pc-mingw32-gcc: error: unrecognized command line option '-qversion'
i686-pc-mingw32-gcc: fatal error: no input files
compilation terminated.
configure:3521: $? = 1
configure:3541: checking whether the C compiler works
configure:3563: i686-pc-mingw32-gcc    conftest.c  >&5
configure:3567: $? = 0
configure:3615: result: yes
configure:3618: checking for C compiler default output file name
configure:3620: result: a.exe
configure:3626: checking for suffix of executables
configure:3633: i686-pc-mingw32-gcc -o conftest.exe    conftest.c  >&5
configure:3637: $? = 0
configure:3659: result: .exe
configure:3681: checking whether we are cross compiling
configure:3719: result: yes
configure:3724: checking for suffix of object files
configure:3746: i686-pc-mingw32-gcc -c   conftest.c >&5
configure:3750: $? = 0
configure:3771: result: o
configure:3775: checking whether we are using the GNU C compiler
configure:3794: i686-pc-mingw32-gcc -c   conftest.c >&5
configure:3794: $? = 0
configure:3803: result: yes
configure:3812: checking whether i686-pc-mingw32-gcc accepts -g
configure:3832: i686-pc-mingw32-gcc -c -g  conftest.c >&5
configure:3832: $? = 0
configure:3873: result: yes
configure:3890: checking for i686-pc-mingw32-gcc option to accept ISO C89
configure:3953: i686-pc-mingw32-gcc  -c -g -O2  conftest.c >&5
configure:3953: $? = 0
configure:3966: result: none needed
configure:3991: checking whether i686-pc-mingw32-gcc understands -c and -o together
configure:4013: i686-pc-mingw32-gcc -c conftest.c -o conftest2.o
configure:4016: $? = 0
configure:4013: i686-pc-mingw32-gcc -c conftest.c -o conftest2.o
configure:4016: $? = 0
configure:4028: result: yes
configure:4056: checking for style of include used by make
configure:4084: result: GNU
configure:4110: checking dependency style of i686-pc-mingw32-gcc
configure:4221: result: gcc3
configure:4236: checking for i686-pc-mingw32-gcc option to accept ISO C99
configure:4385: i686-pc-mingw32-gcc  -c -g -O2  conftest.c >&5
conftest.c:61:29: error: expected ';', ',' or ')' before 'text'
conftest.c: In function 'main':
conftest.c:115:18: error: expected '=', ',', ';', 'asm' or '__attribute__' before 'newvar'
conftest.c:115:18: error: 'newvar' undeclared (first use in this function)
conftest.c:115:18: note: each undeclared identifier is reported only once for each function it appears in
conftest.c:125:3: error: 'for' loop initial declarations are only allowed in C99 mode
conftest.c:125:3: note: use option -std=c99 or -std=gnu99 to compile your code
configure:4385: $? = 1
configure: failed program was:
| /* confdefs.h */
| #define PACKAGE_NAME "openocd"
| #define PACKAGE_TARNAME "openocd"
| #define PACKAGE_VERSION "0.8.0-rc2"
| #define PACKAGE_STRING "openocd 0.8.0-rc2"
| #define PACKAGE_BUGREPORT "OpenOCD Mailing List <openocd-devel@lists.sourceforge.net>"
| #define PACKAGE_URL ""
| #define PACKAGE "openocd"
| #define VERSION "0.8.0-rc2"
| /* end confdefs.h.  */
| #include <stdarg.h>
| #include <stdbool.h>
| #include <stdlib.h>
| #include <wchar.h>
| #include <stdio.h>
| 
| // Check varargs macros.  These examples are taken from C99 6.10.3.5.
| #define debug(...) fprintf (stderr, __VA_ARGS__)
| #define showlist(...) puts (#__VA_ARGS__)
| #define report(test,...) ((test) ? puts (#test) : printf (__VA_ARGS__))
| static void
| test_varargs_macros (void)
| {
|   int x = 1234;
|   int y = 5678;
|   debug ("Flag");
|   debug ("X = %d\n", x);
|   showlist (The first, second, and third items.);
|   report (x>y, "x is %d but y is %d", x, y);
| }
| 
| // Check long long types.
| #define BIG64 18446744073709551615ull
| #define BIG32 4294967295ul
| #define BIG_OK (BIG64 / BIG32 == 4294967297ull && BIG64 % BIG32 == 0)
| #if !BIG_OK
|   your preprocessor is broken;
| #endif
| #if BIG_OK
| #else
|   your preprocessor is broken;
| #endif
| static long long int bignum = -9223372036854775807LL;
| static unsigned long long int ubignum = BIG64;
| 
| struct incomplete_array
| {
|   int datasize;
|   double data[];
| };
| 
| struct named_init {
|   int number;
|   const wchar_t *name;
|   double average;
| };
| 
| typedef const char *ccp;
| 
| static inline int
| test_restrict (ccp restrict text)
| {
|   // See if C++-style comments work.
|   // Iterate through items via the restricted pointer.
|   // Also check for declarations in for loops.
|   for (unsigned int i = 0; *(text+i) != '\0'; ++i)
|     continue;
|   return 0;
| }
| 
| // Check varargs and va_copy.
| static void
| test_varargs (const char *format, ...)
| {
|   va_list args;
|   va_start (args, format);
|   va_list args_copy;
|   va_copy (args_copy, args);
| 
|   const char *str;
|   int number;
|   float fnumber;
| 
|   while (*format)
|     {
|       switch (*format++)
| 	{
| 	case 's': // string
| 	  str = va_arg (args_copy, const char *);
| 	  break;
| 	case 'd': // int
| 	  number = va_arg (args_copy, int);
| 	  break;
| 	case 'f': // float
| 	  fnumber = va_arg (args_copy, double);
| 	  break;
| 	default:
| 	  break;
| 	}
|     }
|   va_end (args_copy);
|   va_end (args);
| }
| 
| int
| main ()
| {
| 
|   // Check bool.
|   _Bool success = false;
| 
|   // Check restrict.
|   if (test_restrict ("String literal") == 0)
|     success = true;
|   char *restrict newvar = "Another string";
| 
|   // Check varargs.
|   test_varargs ("s, d' f .", "string", 65, 34.234);
|   test_varargs_macros ();
| 
|   // Check flexible array members.
|   struct incomplete_array *ia =
|     malloc (sizeof (struct incomplete_array) + (sizeof (double) * 10));
|   ia->datasize = 10;
|   for (int i = 0; i < ia->datasize; ++i)
|     ia->data[i] = i * 1.234;
| 
|   // Check named initializers.
|   struct named_init ni = {
|     .number = 34,
|     .name = L"Test wide string",
|     .average = 543.34343,
|   };
| 
|   ni.number = 58;
| 
|   int dynamic_array[ni.number];
|   dynamic_array[ni.number - 1] = 543;
| 
|   // work around unused variable warnings
|   return (!success || bignum == 0LL || ubignum == 0uLL || newvar[0] == 'x'
| 	  || dynamic_array[ni.number - 1] != 543);
| 
|   ;
|   return 0;
| }
configure:4385: i686-pc-mingw32-gcc -std=gnu99 -c -g -O2  conftest.c >&5
configure:4385: $? = 0
configure:4405: result: -std=gnu99
configure:4417: checking for i686-pc-mingw32-ranlib
configure:4433: found /usr/bin/i686-pc-mingw32-ranlib
configure:4444: result: i686-pc-mingw32-ranlib
configure:4516: checking for i686-pc-mingw32-pkg-config
configure:4549: result: no
configure:4559: checking for pkg-config
configure:4577: found /usr/bin/pkg-config
configure:4589: result: /usr/bin/pkg-config
configure:4601: WARNING: using cross tools not prefixed with host triplet
configure:4614: checking pkg-config is at least version 0.23
configure:4617: result: yes
configure:4690: checking build system type
configure:4704: result: i686-pc-cygwin
configure:4724: checking host system type
configure:4737: result: i686-pc-mingw32
configure:4778: checking how to print strings
configure:4805: result: printf
configure:4826: checking for a sed that does not truncate output
configure:4890: result: /usr/bin/sed
configure:4908: checking for grep that handles long lines and -e
configure:4966: result: /usr/bin/grep
configure:4971: checking for egrep
configure:5033: result: /usr/bin/grep -E
configure:5038: checking for fgrep
configure:5100: result: /usr/bin/grep -F
configure:5135: checking for ld used by i686-pc-mingw32-gcc -std=gnu99
configure:5202: result: /usr/i686-pc-mingw32/bin/ld.exe
configure:5209: checking if the linker (/usr/i686-pc-mingw32/bin/ld.exe) is GNU ld
configure:5224: result: yes
configure:5236: checking for BSD- or MS-compatible name lister (nm)
configure:5285: result: /usr/bin/i686-pc-mingw32-nm -B
configure:5415: checking the name lister (/usr/bin/i686-pc-mingw32-nm -B) interface
configure:5422: i686-pc-mingw32-gcc -std=gnu99 -c -g -O2  conftest.c >&5
configure:5425: /usr/bin/i686-pc-mingw32-nm -B "conftest.o"
configure:5428: output
00000000 b .bss
00000000 d .data
00000000 N .debug_abbrev
00000000 N .debug_aranges
00000000 N .debug_info
00000000 N .debug_line
00000000 t .text
00000000 B _some_variable
configure:5435: result: BSD nm
configure:5438: checking whether ln -s works
configure:5442: result: yes
configure:5450: checking the maximum length of command line arguments
configure:5575: result: 8192
configure:5592: checking whether the shell understands some XSI constructs
configure:5602: result: yes
configure:5606: checking whether the shell understands "+="
configure:5612: result: yes
configure:5647: checking how to convert i686-pc-cygwin file names to i686-pc-mingw32 format
configure:5687: result: func_convert_file_cygwin_to_w32
configure:5694: checking how to convert i686-pc-cygwin file names to toolchain format
configure:5714: result: func_convert_file_noop
configure:5721: checking for /usr/i686-pc-mingw32/bin/ld.exe option to reload object files
configure:5728: result: -r
configure:5762: checking for i686-pc-mingw32-objdump
configure:5778: found /usr/bin/i686-pc-mingw32-objdump
configure:5789: result: i686-pc-mingw32-objdump
configure:5861: checking how to recognize dependent libraries
configure:6063: result: file_magic ^x86 archive import|^x86 DLL
configure:6108: checking for i686-pc-mingw32-dlltool
configure:6124: found /usr/bin/i686-pc-mingw32-dlltool
configure:6135: result: i686-pc-mingw32-dlltool
configure:6208: checking how to associate runtime and link libraries
configure:6235: result: func_cygming_dll_for_implib
configure:6252: checking for i686-pc-mingw32-ar
configure:6268: found /usr/bin/i686-pc-mingw32-ar
configure:6279: result: i686-pc-mingw32-ar
configure:6360: checking for archiver @FILE support
configure:6377: i686-pc-mingw32-gcc -std=gnu99 -c -g -O2  conftest.c >&5
configure:6377: $? = 0
configure:6380: i686-pc-mingw32-ar cru libconftest.a @conftest.lst >&5
configure:6383: $? = 0
configure:6388: i686-pc-mingw32-ar cru libconftest.a @conftest.lst >&5
i686-pc-mingw32-ar: conftest.o: No such file or directory
configure:6391: $? = 1
configure:6403: result: @
configure:6421: checking for i686-pc-mingw32-strip
configure:6448: result: i686-pc-mingw32-strip
configure:6520: checking for i686-pc-mingw32-ranlib
configure:6547: result: i686-pc-mingw32-ranlib
configure:6689: checking command to parse /usr/bin/i686-pc-mingw32-nm -B output from i686-pc-mingw32-gcc -std=gnu99 object
configure:6808: i686-pc-mingw32-gcc -std=gnu99 -c -g -O2  conftest.c >&5
configure:6811: $? = 0
configure:6815: /usr/bin/i686-pc-mingw32-nm -B conftest.o \| sed -n -e 's/^.*[ ]\([ABCDGIRSTW][ABCDGIRSTW]*\)[ ][ ]*\([_A-Za-z][_A-Za-z0-9]*\)$/\1 \2 \2/p' | sed '/ __gnu_lto/d' \> conftest.nm
configure:6818: $? = 0
cannot find nm_test_var in conftest.nm
configure:6808: i686-pc-mingw32-gcc -std=gnu99 -c -g -O2  conftest.c >&5
configure:6811: $? = 0
configure:6815: /usr/bin/i686-pc-mingw32-nm -B conftest.o \| sed -n -e 's/^.*[ ]\([ABCDGIRSTW][ABCDGIRSTW]*\)[ ][ ]*_\([_A-Za-z][_A-Za-z0-9]*\)$/\1 _\2 \2/p' | sed '/ __gnu_lto/d' \> conftest.nm
configure:6818: $? = 0
configure:6884: i686-pc-mingw32-gcc -std=gnu99 -o conftest.exe -g -O2   conftest.c conftstm.o >&5
configure:6887: $? = 0
configure:6925: result: ok
configure:6962: checking for sysroot
configure:6992: result: no
configure:7195: checking for i686-pc-mingw32-mt
configure:7225: result: no
configure:7235: checking for mt
configure:7265: result: no
configure:7285: checking if : is a manifest tool
configure:7291: : '-?'
configure:7299: result: no
configure:7931: checking how to run the C preprocessor
configure:7962: i686-pc-mingw32-gcc -std=gnu99 -E  conftest.c
configure:7962: $? = 0
configure:7976: i686-pc-mingw32-gcc -std=gnu99 -E  conftest.c
conftest.c:11:28: fatal error: ac_nonexistent.h: No such file or directory
compilation terminated.
configure:7976: $? = 1
configure: failed program was:
| /* confdefs.h */
| #define PACKAGE_NAME "openocd"
| #define PACKAGE_TARNAME "openocd"
| #define PACKAGE_VERSION "0.8.0-rc2"
| #define PACKAGE_STRING "openocd 0.8.0-rc2"
| #define PACKAGE_BUGREPORT "OpenOCD Mailing List <openocd-devel@lists.sourceforge.net>"
| #define PACKAGE_URL ""
| #define PACKAGE "openocd"
| #define VERSION "0.8.0-rc2"
| /* end confdefs.h.  */
| #include <ac_nonexistent.h>
configure:8001: result: i686-pc-mingw32-gcc -std=gnu99 -E
configure:8021: i686-pc-mingw32-gcc -std=gnu99 -E  conftest.c
configure:8021: $? = 0
configure:8035: i686-pc-mingw32-gcc -std=gnu99 -E  conftest.c
conftest.c:11:28: fatal error: ac_nonexistent.h: No such file or directory
compilation terminated.
configure:8035: $? = 1
configure: failed program was:
| /* confdefs.h */
| #define PACKAGE_NAME "openocd"
| #define PACKAGE_TARNAME "openocd"
| #define PACKAGE_VERSION "0.8.0-rc2"
| #define PACKAGE_STRING "openocd 0.8.0-rc2"
| #define PACKAGE_BUGREPORT "OpenOCD Mailing List <openocd-devel@lists.sourceforge.net>"
| #define PACKAGE_URL ""
| #define PACKAGE "openocd"
| #define VERSION "0.8.0-rc2"
| /* end confdefs.h.  */
| #include <ac_nonexistent.h>
configure:8064: checking for ANSI C header files
configure:8084: i686-pc-mingw32-gcc -std=gnu99 -c -g -O2  conftest.c >&5
configure:8084: $? = 0
configure:8168: result: yes
configure:8181: checking for sys/types.h
configure:8181: i686-pc-mingw32-gcc -std=gnu99 -c -g -O2  conftest.c >&5
configure:8181: $? = 0
configure:8181: result: yes
configure:8181: checking for sys/stat.h
configure:8181: i686-pc-mingw32-gcc -std=gnu99 -c -g -O2  conftest.c >&5
configure:8181: $? = 0
configure:8181: result: yes
configure:8181: checking for stdlib.h
configure:8181: i686-pc-mingw32-gcc -std=gnu99 -c -g -O2  conftest.c >&5
configure:8181: $? = 0
configure:8181: result: yes
configure:8181: checking for string.h
configure:8181: i686-pc-mingw32-gcc -std=gnu99 -c -g -O2  conftest.c >&5
configure:8181: $? = 0
configure:8181: result: yes
configure:8181: checking for memory.h
configure:8181: i686-pc-mingw32-gcc -std=gnu99 -c -g -O2  conftest.c >&5
configure:8181: $? = 0
configure:8181: result: yes
configure:8181: checking for strings.h
configure:8181: i686-pc-mingw32-gcc -std=gnu99 -c -g -O2  conftest.c >&5
configure:8181: $? = 0
configure:8181: result: yes
configure:8181: checking for inttypes.h
configure:8181: i686-pc-mingw32-gcc -std=gnu99 -c -g -O2  conftest.c >&5
configure:8181: $? = 0
configure:8181: result: yes
configure:8181: checking for stdint.h
configure:8181: i686-pc-mingw32-gcc -std=gnu99 -c -g -O2  conftest.c >&5
configure:8181: $? = 0
configure:8181: result: yes
configure:8181: checking for unistd.h
configure:8181: i686-pc-mingw32-gcc -std=gnu99 -c -g -O2  conftest.c >&5
configure:8181: $? = 0
configure:8181: result: yes
configure:8195: checking for dlfcn.h
configure:8195: i686-pc-mingw32-gcc -std=gnu99 -c -g -O2  conftest.c >&5
conftest.c:55:19: fatal error: dlfcn.h: No such file or directory
compilation terminated.
configure:8195: $? = 1
configure: failed program was:
| /* confdefs.h */
| #define PACKAGE_NAME "openocd"
| #define PACKAGE_TARNAME "openocd"
| #define PACKAGE_VERSION "0.8.0-rc2"
| #define PACKAGE_STRING "openocd 0.8.0-rc2"
| #define PACKAGE_BUGREPORT "OpenOCD Mailing List <openocd-devel@lists.sourceforge.net>"
| #define PACKAGE_URL ""
| #define PACKAGE "openocd"
| #define VERSION "0.8.0-rc2"
| #define STDC_HEADERS 1
| #define HAVE_SYS_TYPES_H 1
| #define HAVE_SYS_STAT_H 1
| #define HAVE_STDLIB_H 1
| #define HAVE_STRING_H 1
| #define HAVE_MEMORY_H 1
| #define HAVE_STRINGS_H 1
| #define HAVE_INTTYPES_H 1
| #define HAVE_STDINT_H 1
| #define HAVE_UNISTD_H 1
| /* end confdefs.h.  */
| #include <stdio.h>
| #ifdef HAVE_SYS_TYPES_H
| # include <sys/types.h>
| #endif
| #ifdef HAVE_SYS_STAT_H
| # include <sys/stat.h>
| #endif
| #ifdef STDC_HEADERS
| # include <stdlib.h>
| # include <stddef.h>
| #else
| # ifdef HAVE_STDLIB_H
| #  include <stdlib.h>
| # endif
| #endif
| #ifdef HAVE_STRING_H
| # if !defined STDC_HEADERS && defined HAVE_MEMORY_H
| #  include <memory.h>
| # endif
| # include <string.h>
| #endif
| #ifdef HAVE_STRINGS_H
| # include <strings.h>
| #endif
| #ifdef HAVE_INTTYPES_H
| # include <inttypes.h>
| #endif
| #ifdef HAVE_STDINT_H
| # include <stdint.h>
| #endif
| #ifdef HAVE_UNISTD_H
| # include <unistd.h>
| #endif
| 
| #include <dlfcn.h>
configure:8195: result: no
configure:8352: checking for objdir
configure:8367: result: .libs
configure:8634: checking if i686-pc-mingw32-gcc -std=gnu99 supports -fno-rtti -fno-exceptions
configure:8652: i686-pc-mingw32-gcc -std=gnu99 -c -g -O2  -fno-rtti -fno-exceptions conftest.c >&5
cc1: warning: command line option '-fno-rtti' is valid for C++/ObjC++ but not for C [enabled by default]
configure:8656: $? = 0
configure:8669: result: no
configure:8979: checking for i686-pc-mingw32-gcc -std=gnu99 option to produce PIC
configure:8986: result: -DDLL_EXPORT -DPIC
configure:8994: checking if i686-pc-mingw32-gcc -std=gnu99 PIC flag -DDLL_EXPORT -DPIC works
configure:9012: i686-pc-mingw32-gcc -std=gnu99 -c -g -O2  -DDLL_EXPORT -DPIC -DPIC conftest.c >&5
configure:9016: $? = 0
configure:9029: result: yes
configure:9058: checking if i686-pc-mingw32-gcc -std=gnu99 static flag -static works
configure:9086: result: yes
configure:9101: checking if i686-pc-mingw32-gcc -std=gnu99 supports -c -o file.o
configure:9122: i686-pc-mingw32-gcc -std=gnu99 -c -g -O2  -o out/conftest2.o conftest.c >&5
configure:9126: $? = 0
configure:9148: result: yes
configure:9156: checking if i686-pc-mingw32-gcc -std=gnu99 supports -c -o file.o
configure:9203: result: yes
configure:9236: checking whether the i686-pc-mingw32-gcc -std=gnu99 linker (/usr/i686-pc-mingw32/bin/ld.exe) supports shared libraries
configure:10394: result: yes
configure:10639: checking dynamic linker characteristics
configure:11375: result: Win32 ld.exe
configure:11482: checking how to hardcode library paths into programs
configure:11507: result: immediate
configure:12047: checking whether stripping libraries is possible
configure:12052: result: yes
configure:12087: checking if libtool supports shared libraries
configure:12089: result: yes
configure:12092: checking whether to build shared libraries
configure:12113: result: no
configure:12116: checking whether to build static libraries
configure:12120: result: yes
configure:12157: checking for an ANSI C-conforming const
configure:12223: i686-pc-mingw32-gcc -std=gnu99 -c -g -O2  conftest.c >&5
configure:12223: $? = 0
configure:12230: result: yes
configure:12239: checking for unsigned long long int
configure:12287: result: yes
configure:12297: checking for long long int
configure:12347: result: yes
configure:12356: checking for library containing ioperm
configure:12387: i686-pc-mingw32-gcc -std=gnu99 -o conftest.exe -g -O2   conftest.c  >&5
/tmp/cczId1Ji.o: In function `main':
/home/kent.brinkley/openocd_0_8_0_rc2/code/conftest.c:35: undefined reference to `ioperm'
collect2: error: ld returned 1 exit status
configure:12387: $? = 1
configure: failed program was:
| /* confdefs.h */
| #define PACKAGE_NAME "openocd"
| #define PACKAGE_TARNAME "openocd"
| #define PACKAGE_VERSION "0.8.0-rc2"
| #define PACKAGE_STRING "openocd 0.8.0-rc2"
| #define PACKAGE_BUGREPORT "OpenOCD Mailing List <openocd-devel@lists.sourceforge.net>"
| #define PACKAGE_URL ""
| #define PACKAGE "openocd"
| #define VERSION "0.8.0-rc2"
| #define STDC_HEADERS 1
| #define HAVE_SYS_TYPES_H 1
| #define HAVE_SYS_STAT_H 1
| #define HAVE_STDLIB_H 1
| #define HAVE_STRING_H 1
| #define HAVE_MEMORY_H 1
| #define HAVE_STRINGS_H 1
| #define HAVE_INTTYPES_H 1
| #define HAVE_STDINT_H 1
| #define HAVE_UNISTD_H 1
| #define LT_OBJDIR ".libs/"
| #define HAVE_UNSIGNED_LONG_LONG_INT 1
| #define HAVE_LONG_LONG_INT 1
| /* end confdefs.h.  */
| 
| /* Override any GCC internal prototype to avoid an error.
|    Use char because int might match the return type of a GCC
|    builtin and then its argument prototype would still apply.  */
| #ifdef __cplusplus
| extern "C"
| #endif
| char ioperm ();
| int
| main ()
| {
| return ioperm ();
|   ;
|   return 0;
| }
configure:12387: i686-pc-mingw32-gcc -std=gnu99 -o conftest.exe -g -O2   conftest.c -lioperm   >&5
/usr/lib/gcc/i686-pc-mingw32/4.7.3/../../../../i686-pc-mingw32/bin/ld: cannot find -lioperm
collect2: error: ld returned 1 exit status
configure:12387: $? = 1
configure: failed program was:
| /* confdefs.h */
| #define PACKAGE_NAME "openocd"
| #define PACKAGE_TARNAME "openocd"
| #define PACKAGE_VERSION "0.8.0-rc2"
| #define PACKAGE_STRING "openocd 0.8.0-rc2"
| #define PACKAGE_BUGREPORT "OpenOCD Mailing List <openocd-devel@lists.sourceforge.net>"
| #define PACKAGE_URL ""
| #define PACKAGE "openocd"
| #define VERSION "0.8.0-rc2"
| #define STDC_HEADERS 1
| #define HAVE_SYS_TYPES_H 1
| #define HAVE_SYS_STAT_H 1
| #define HAVE_STDLIB_H 1
| #define HAVE_STRING_H 1
| #define HAVE_MEMORY_H 1
| #define HAVE_STRINGS_H 1
| #define HAVE_INTTYPES_H 1
| #define HAVE_STDINT_H 1
| #define HAVE_UNISTD_H 1
| #define LT_OBJDIR ".libs/"
| #define HAVE_UNSIGNED_LONG_LONG_INT 1
| #define HAVE_LONG_LONG_INT 1
| /* end confdefs.h.  */
| 
| /* Override any GCC internal prototype to avoid an error.
|    Use char because int might match the return type of a GCC
|    builtin and then its argument prototype would still apply.  */
| #ifdef __cplusplus
| extern "C"
| #endif
| char ioperm ();
| int
| main ()
| {
| return ioperm ();
|   ;
|   return 0;
| }
configure:12404: result: no
configure:12412: checking for library containing dlopen
configure:12443: i686-pc-mingw32-gcc -std=gnu99 -o conftest.exe -g -O2   conftest.c  >&5
/tmp/ccw7MyZA.o: In function `main':
/home/kent.brinkley/openocd_0_8_0_rc2/code/conftest.c:35: undefined reference to `dlopen'
collect2: error: ld returned 1 exit status
configure:12443: $? = 1
configure: failed program was:
| /* confdefs.h */
| #define PACKAGE_NAME "openocd"
| #define PACKAGE_TARNAME "openocd"
| #define PACKAGE_VERSION "0.8.0-rc2"
| #define PACKAGE_STRING "openocd 0.8.0-rc2"
| #define PACKAGE_BUGREPORT "OpenOCD Mailing List <openocd-devel@lists.sourceforge.net>"
| #define PACKAGE_URL ""
| #define PACKAGE "openocd"
| #define VERSION "0.8.0-rc2"
| #define STDC_HEADERS 1
| #define HAVE_SYS_TYPES_H 1
| #define HAVE_SYS_STAT_H 1
| #define HAVE_STDLIB_H 1
| #define HAVE_STRING_H 1
| #define HAVE_MEMORY_H 1
| #define HAVE_STRINGS_H 1
| #define HAVE_INTTYPES_H 1
| #define HAVE_STDINT_H 1
| #define HAVE_UNISTD_H 1
| #define LT_OBJDIR ".libs/"
| #define HAVE_UNSIGNED_LONG_LONG_INT 1
| #define HAVE_LONG_LONG_INT 1
| /* end confdefs.h.  */
| 
| /* Override any GCC internal prototype to avoid an error.
|    Use char because int might match the return type of a GCC
|    builtin and then its argument prototype would still apply.  */
| #ifdef __cplusplus
| extern "C"
| #endif
| char dlopen ();
| int
| main ()
| {
| return dlopen ();
|   ;
|   return 0;
| }
configure:12443: i686-pc-mingw32-gcc -std=gnu99 -o conftest.exe -g -O2   conftest.c -ldl   >&5
/usr/lib/gcc/i686-pc-mingw32/4.7.3/../../../../i686-pc-mingw32/bin/ld: cannot find -ldl
collect2: error: ld returned 1 exit status
configure:12443: $? = 1
configure: failed program was:
| /* confdefs.h */
| #define PACKAGE_NAME "openocd"
| #define PACKAGE_TARNAME "openocd"
| #define PACKAGE_VERSION "0.8.0-rc2"
| #define PACKAGE_STRING "openocd 0.8.0-rc2"
| #define PACKAGE_BUGREPORT "OpenOCD Mailing List <openocd-devel@lists.sourceforge.net>"
| #define PACKAGE_URL ""
| #define PACKAGE "openocd"
| #define VERSION "0.8.0-rc2"
| #define STDC_HEADERS 1
| #define HAVE_SYS_TYPES_H 1
| #define HAVE_SYS_STAT_H 1
| #define HAVE_STDLIB_H 1
| #define HAVE_STRING_H 1
| #define HAVE_MEMORY_H 1
| #define HAVE_STRINGS_H 1
| #define HAVE_INTTYPES_H 1
| #define HAVE_STDINT_H 1
| #define HAVE_UNISTD_H 1
| #define LT_OBJDIR ".libs/"
| #define HAVE_UNSIGNED_LONG_LONG_INT 1
| #define HAVE_LONG_LONG_INT 1
| /* end confdefs.h.  */
| 
| /* Override any GCC internal prototype to avoid an error.
|    Use char because int might match the return type of a GCC
|    builtin and then its argument prototype would still apply.  */
| #ifdef __cplusplus
| extern "C"
| #endif
| char dlopen ();
| int
| main ()
| {
| return dlopen ();
|   ;
|   return 0;
| }
configure:12460: result: no
configure:12471: checking sys/socket.h usability
configure:12471: i686-pc-mingw32-gcc -std=gnu99 -c -g -O2  conftest.c >&5
conftest.c:57:24: fatal error: sys/socket.h: No such file or directory
compilation terminated.
configure:12471: $? = 1
configure: failed program was:
| /* confdefs.h */
| #define PACKAGE_NAME "openocd"
| #define PACKAGE_TARNAME "openocd"
| #define PACKAGE_VERSION "0.8.0-rc2"
| #define PACKAGE_STRING "openocd 0.8.0-rc2"
| #define PACKAGE_BUGREPORT "OpenOCD Mailing List <openocd-devel@lists.sourceforge.net>"
| #define PACKAGE_URL ""
| #define PACKAGE "openocd"
| #define VERSION "0.8.0-rc2"
| #define STDC_HEADERS 1
| #define HAVE_SYS_TYPES_H 1
| #define HAVE_SYS_STAT_H 1
| #define HAVE_STDLIB_H 1
| #define HAVE_STRING_H 1
| #define HAVE_MEMORY_H 1
| #define HAVE_STRINGS_H 1
| #define HAVE_INTTYPES_H 1
| #define HAVE_STDINT_H 1
| #define HAVE_UNISTD_H 1
| #define LT_OBJDIR ".libs/"
| #define HAVE_UNSIGNED_LONG_LONG_INT 1
| #define HAVE_LONG_LONG_INT 1
| /* end confdefs.h.  */
| #include <stdio.h>
| #ifdef HAVE_SYS_TYPES_H
| # include <sys/types.h>
| #endif
| #ifdef HAVE_SYS_STAT_H
| # include <sys/stat.h>
| #endif
| #ifdef STDC_HEADERS
| # include <stdlib.h>
| # include <stddef.h>
| #else
| # ifdef HAVE_STDLIB_H
| #  include <stdlib.h>
| # endif
| #endif
| #ifdef HAVE_STRING_H
| # if !defined STDC_HEADERS && defined HAVE_MEMORY_H
| #  include <memory.h>
| # endif
| # include <string.h>
| #endif
| #ifdef HAVE_STRINGS_H
| # include <strings.h>
| #endif
| #ifdef HAVE_INTTYPES_H
| # include <inttypes.h>
| #endif
| #ifdef HAVE_STDINT_H
| # include <stdint.h>
| #endif
| #ifdef HAVE_UNISTD_H
| # include <unistd.h>
| #endif
| #include <sys/socket.h>
configure:12471: result: no
configure:12471: checking sys/socket.h presence
configure:12471: i686-pc-mingw32-gcc -std=gnu99 -E  conftest.c
conftest.c:24:24: fatal error: sys/socket.h: No such file or directory
compilation terminated.
configure:12471: $? = 1
configure: failed program was:
| /* confdefs.h */
| #define PACKAGE_NAME "openocd"
| #define PACKAGE_TARNAME "openocd"
| #define PACKAGE_VERSION "0.8.0-rc2"
| #define PACKAGE_STRING "openocd 0.8.0-rc2"
| #define PACKAGE_BUGREPORT "OpenOCD Mailing List <openocd-devel@lists.sourceforge.net>"
| #define PACKAGE_URL ""
| #define PACKAGE "openocd"
| #define VERSION "0.8.0-rc2"
| #define STDC_HEADERS 1
| #define HAVE_SYS_TYPES_H 1
| #define HAVE_SYS_STAT_H 1
| #define HAVE_STDLIB_H 1
| #define HAVE_STRING_H 1
| #define HAVE_MEMORY_H 1
| #define HAVE_STRINGS_H 1
| #define HAVE_INTTYPES_H 1
| #define HAVE_STDINT_H 1
| #define HAVE_UNISTD_H 1
| #define LT_OBJDIR ".libs/"
| #define HAVE_UNSIGNED_LONG_LONG_INT 1
| #define HAVE_LONG_LONG_INT 1
| /* end confdefs.h.  */
| #include <sys/socket.h>
configure:12471: result: no
configure:12471: checking for sys/socket.h
configure:12471: result: no
configure:12483: checking for arpa/inet.h
configure:12483: i686-pc-mingw32-gcc -std=gnu99 -c -g -O2  conftest.c >&5
conftest.c:38:23: fatal error: arpa/inet.h: No such file or directory
compilation terminated.
configure:12483: $? = 1
configure: failed program was:
| /* confdefs.h */
| #define PACKAGE_NAME "openocd"
| #define PACKAGE_TARNAME "openocd"
| #define PACKAGE_VERSION "0.8.0-rc2"
| #define PACKAGE_STRING "openocd 0.8.0-rc2"
| #define PACKAGE_BUGREPORT "OpenOCD Mailing List <openocd-devel@lists.sourceforge.net>"
| #define PACKAGE_URL ""
| #define PACKAGE "openocd"
| #define VERSION "0.8.0-rc2"
| #define STDC_HEADERS 1
| #define HAVE_SYS_TYPES_H 1
| #define HAVE_SYS_STAT_H 1
| #define HAVE_STDLIB_H 1
| #define HAVE_STRING_H 1
| #define HAVE_MEMORY_H 1
| #define HAVE_STRINGS_H 1
| #define HAVE_INTTYPES_H 1
| #define HAVE_STDINT_H 1
| #define HAVE_UNISTD_H 1
| #define LT_OBJDIR ".libs/"
| #define HAVE_UNSIGNED_LONG_LONG_INT 1
| #define HAVE_LONG_LONG_INT 1
| /* end confdefs.h.  */
| #include <stdio.h>
| #ifdef STDC_HEADERS
| # include <stdlib.h>
| # include <stddef.h>
| #else
| # ifdef HAVE_STDLIB_H
| #  include <stdlib.h>
| # endif
| #endif
| #ifdef HAVE_SYS_SOCKET_H
| # include <sys/socket.h>
| #endif
| 
| 
| #include <arpa/inet.h>
configure:12483: result: no
configure:12508: checking elf.h usability
configure:12508: i686-pc-mingw32-gcc -std=gnu99 -c -g -O2  conftest.c >&5
conftest.c:57:17: fatal error: elf.h: No such file or directory
compilation terminated.
configure:12508: $? = 1
configure: failed program was:
| /* confdefs.h */
| #define PACKAGE_NAME "openocd"
| #define PACKAGE_TARNAME "openocd"
| #define PACKAGE_VERSION "0.8.0-rc2"
| #define PACKAGE_STRING "openocd 0.8.0-rc2"
| #define PACKAGE_BUGREPORT "OpenOCD Mailing List <openocd-devel@lists.sourceforge.net>"
| #define PACKAGE_URL ""
| #define PACKAGE "openocd"
| #define VERSION "0.8.0-rc2"
| #define STDC_HEADERS 1
| #define HAVE_SYS_TYPES_H 1
| #define HAVE_SYS_STAT_H 1
| #define HAVE_STDLIB_H 1
| #define HAVE_STRING_H 1
| #define HAVE_MEMORY_H 1
| #define HAVE_STRINGS_H 1
| #define HAVE_INTTYPES_H 1
| #define HAVE_STDINT_H 1
| #define HAVE_UNISTD_H 1
| #define LT_OBJDIR ".libs/"
| #define HAVE_UNSIGNED_LONG_LONG_INT 1
| #define HAVE_LONG_LONG_INT 1
| /* end confdefs.h.  */
| #include <stdio.h>
| #ifdef HAVE_SYS_TYPES_H
| # include <sys/types.h>
| #endif
| #ifdef HAVE_SYS_STAT_H
| # include <sys/stat.h>
| #endif
| #ifdef STDC_HEADERS
| # include <stdlib.h>
| # include <stddef.h>
| #else
| # ifdef HAVE_STDLIB_H
| #  include <stdlib.h>
| # endif
| #endif
| #ifdef HAVE_STRING_H
| # if !defined STDC_HEADERS && defined HAVE_MEMORY_H
| #  include <memory.h>
| # endif
| # include <string.h>
| #endif
| #ifdef HAVE_STRINGS_H
| # include <strings.h>
| #endif
| #ifdef HAVE_INTTYPES_H
| # include <inttypes.h>
| #endif
| #ifdef HAVE_STDINT_H
| # include <stdint.h>
| #endif
| #ifdef HAVE_UNISTD_H
| # include <unistd.h>
| #endif
| #include <elf.h>
configure:12508: result: no
configure:12508: checking elf.h presence
configure:12508: i686-pc-mingw32-gcc -std=gnu99 -E  conftest.c
conftest.c:24:17: fatal error: elf.h: No such file or directory
compilation terminated.
configure:12508: $? = 1
configure: failed program was:
| /* confdefs.h */
| #define PACKAGE_NAME "openocd"
| #define PACKAGE_TARNAME "openocd"
| #define PACKAGE_VERSION "0.8.0-rc2"
| #define PACKAGE_STRING "openocd 0.8.0-rc2"
| #define PACKAGE_BUGREPORT "OpenOCD Mailing List <openocd-devel@lists.sourceforge.net>"
| #define PACKAGE_URL ""
| #define PACKAGE "openocd"
| #define VERSION "0.8.0-rc2"
| #define STDC_HEADERS 1
| #define HAVE_SYS_TYPES_H 1
| #define HAVE_SYS_STAT_H 1
| #define HAVE_STDLIB_H 1
| #define HAVE_STRING_H 1
| #define HAVE_MEMORY_H 1
| #define HAVE_STRINGS_H 1
| #define HAVE_INTTYPES_H 1
| #define HAVE_STDINT_H 1
| #define HAVE_UNISTD_H 1
| #define LT_OBJDIR ".libs/"
| #define HAVE_UNSIGNED_LONG_LONG_INT 1
| #define HAVE_LONG_LONG_INT 1
| /* end confdefs.h.  */
| #include <elf.h>
configure:12508: result: no
configure:12508: checking for elf.h
configure:12508: result: no
configure:12520: checking dirent.h usability
configure:12520: i686-pc-mingw32-gcc -std=gnu99 -c -g -O2  conftest.c >&5
configure:12520: $? = 0
configure:12520: result: yes
configure:12520: checking dirent.h presence
configure:12520: i686-pc-mingw32-gcc -std=gnu99 -E  conftest.c
configure:12520: $? = 0
configure:12520: result: yes
configure:12520: checking for dirent.h
configure:12520: result: yes
configure:12532: checking fcntl.h usability
configure:12532: i686-pc-mingw32-gcc -std=gnu99 -c -g -O2  conftest.c >&5
configure:12532: $? = 0
configure:12532: result: yes
configure:12532: checking fcntl.h presence
configure:12532: i686-pc-mingw32-gcc -std=gnu99 -E  conftest.c
configure:12532: $? = 0
configure:12532: result: yes
configure:12532: checking for fcntl.h
configure:12532: result: yes
configure:12544: checking for ifaddrs.h
configure:12544: i686-pc-mingw32-gcc -std=gnu99 -c -g -O2  conftest.c >&5
conftest.c:40:21: fatal error: ifaddrs.h: No such file or directory
compilation terminated.
configure:12544: $? = 1
configure: failed program was:
| /* confdefs.h */
| #define PACKAGE_NAME "openocd"
| #define PACKAGE_TARNAME "openocd"
| #define PACKAGE_VERSION "0.8.0-rc2"
| #define PACKAGE_STRING "openocd 0.8.0-rc2"
| #define PACKAGE_BUGREPORT "OpenOCD Mailing List <openocd-devel@lists.sourceforge.net>"
| #define PACKAGE_URL ""
| #define PACKAGE "openocd"
| #define VERSION "0.8.0-rc2"
| #define STDC_HEADERS 1
| #define HAVE_SYS_TYPES_H 1
| #define HAVE_SYS_STAT_H 1
| #define HAVE_STDLIB_H 1
| #define HAVE_STRING_H 1
| #define HAVE_MEMORY_H 1
| #define HAVE_STRINGS_H 1
| #define HAVE_INTTYPES_H 1
| #define HAVE_STDINT_H 1
| #define HAVE_UNISTD_H 1
| #define LT_OBJDIR ".libs/"
| #define HAVE_UNSIGNED_LONG_LONG_INT 1
| #define HAVE_LONG_LONG_INT 1
| #define HAVE_DIRENT_H 1
| #define HAVE_FCNTL_H 1
| /* end confdefs.h.  */
| #include <stdio.h>
| #ifdef STDC_HEADERS
| # include <stdlib.h>
| # include <stddef.h>
| #else
| # ifdef HAVE_STDLIB_H
| #  include <stdlib.h>
| # endif
| #endif
| #ifdef HAVE_SYS_SOCKET_H
| # include <sys/socket.h>
| #endif
| 
| 
| #include <ifaddrs.h>
configure:12544: result: no
configure:12569: checking malloc.h usability
configure:12569: i686-pc-mingw32-gcc -std=gnu99 -c -g -O2  conftest.c >&5
configure:12569: $? = 0
configure:12569: result: yes
configure:12569: checking malloc.h presence
configure:12569: i686-pc-mingw32-gcc -std=gnu99 -E  conftest.c
configure:12569: $? = 0
configure:12569: result: yes
configure:12569: checking for malloc.h
configure:12569: result: yes
configure:12581: checking netdb.h usability
configure:12581: i686-pc-mingw32-gcc -std=gnu99 -c -g -O2  conftest.c >&5
conftest.c:60:19: fatal error: netdb.h: No such file or directory
compilation terminated.
configure:12581: $? = 1
configure: failed program was:
| /* confdefs.h */
| #define PACKAGE_NAME "openocd"
| #define PACKAGE_TARNAME "openocd"
| #define PACKAGE_VERSION "0.8.0-rc2"
| #define PACKAGE_STRING "openocd 0.8.0-rc2"
| #define PACKAGE_BUGREPORT "OpenOCD Mailing List <openocd-devel@lists.sourceforge.net>"
| #define PACKAGE_URL ""
| #define PACKAGE "openocd"
| #define VERSION "0.8.0-rc2"
| #define STDC_HEADERS 1
| #define HAVE_SYS_TYPES_H 1
| #define HAVE_SYS_STAT_H 1
| #define HAVE_STDLIB_H 1
| #define HAVE_STRING_H 1
| #define HAVE_MEMORY_H 1
| #define HAVE_STRINGS_H 1
| #define HAVE_INTTYPES_H 1
| #define HAVE_STDINT_H 1
| #define HAVE_UNISTD_H 1
| #define LT_OBJDIR ".libs/"
| #define HAVE_UNSIGNED_LONG_LONG_INT 1
| #define HAVE_LONG_LONG_INT 1
| #define HAVE_DIRENT_H 1
| #define HAVE_FCNTL_H 1
| #define HAVE_MALLOC_H 1
| /* end confdefs.h.  */
| #include <stdio.h>
| #ifdef HAVE_SYS_TYPES_H
| # include <sys/types.h>
| #endif
| #ifdef HAVE_SYS_STAT_H
| # include <sys/stat.h>
| #endif
| #ifdef STDC_HEADERS
| # include <stdlib.h>
| # include <stddef.h>
| #else
| # ifdef HAVE_STDLIB_H
| #  include <stdlib.h>
| # endif
| #endif
| #ifdef HAVE_STRING_H
| # if !defined STDC_HEADERS && defined HAVE_MEMORY_H
| #  include <memory.h>
| # endif
| # include <string.h>
| #endif
| #ifdef HAVE_STRINGS_H
| # include <strings.h>
| #endif
| #ifdef HAVE_INTTYPES_H
| # include <inttypes.h>
| #endif
| #ifdef HAVE_STDINT_H
| # include <stdint.h>
| #endif
| #ifdef HAVE_UNISTD_H
| # include <unistd.h>
| #endif
| #include <netdb.h>
configure:12581: result: no
configure:12581: checking netdb.h presence
configure:12581: i686-pc-mingw32-gcc -std=gnu99 -E  conftest.c
conftest.c:27:19: fatal error: netdb.h: No such file or directory
compilation terminated.
configure:12581: $? = 1
configure: failed program was:
| /* confdefs.h */
| #define PACKAGE_NAME "openocd"
| #define PACKAGE_TARNAME "openocd"
| #define PACKAGE_VERSION "0.8.0-rc2"
| #define PACKAGE_STRING "openocd 0.8.0-rc2"
| #define PACKAGE_BUGREPORT "OpenOCD Mailing List <openocd-devel@lists.sourceforge.net>"
| #define PACKAGE_URL ""
| #define PACKAGE "openocd"
| #define VERSION "0.8.0-rc2"
| #define STDC_HEADERS 1
| #define HAVE_SYS_TYPES_H 1
| #define HAVE_SYS_STAT_H 1
| #define HAVE_STDLIB_H 1
| #define HAVE_STRING_H 1
| #define HAVE_MEMORY_H 1
| #define HAVE_STRINGS_H 1
| #define HAVE_INTTYPES_H 1
| #define HAVE_STDINT_H 1
| #define HAVE_UNISTD_H 1
| #define LT_OBJDIR ".libs/"
| #define HAVE_UNSIGNED_LONG_LONG_INT 1
| #define HAVE_LONG_LONG_INT 1
| #define HAVE_DIRENT_H 1
| #define HAVE_FCNTL_H 1
| #define HAVE_MALLOC_H 1
| /* end confdefs.h.  */
| #include <netdb.h>
configure:12581: result: no
configure:12581: checking for netdb.h
configure:12581: result: no
configure:12593: checking for netinet/in.h
configure:12593: i686-pc-mingw32-gcc -std=gnu99 -c -g -O2  conftest.c >&5
conftest.c:41:24: fatal error: netinet/in.h: No such file or directory
compilation terminated.
configure:12593: $? = 1
configure: failed program was:
| /* confdefs.h */
| #define PACKAGE_NAME "openocd"
| #define PACKAGE_TARNAME "openocd"
| #define PACKAGE_VERSION "0.8.0-rc2"
| #define PACKAGE_STRING "openocd 0.8.0-rc2"
| #define PACKAGE_BUGREPORT "OpenOCD Mailing List <openocd-devel@lists.sourceforge.net>"
| #define PACKAGE_URL ""
| #define PACKAGE "openocd"
| #define VERSION "0.8.0-rc2"
| #define STDC_HEADERS 1
| #define HAVE_SYS_TYPES_H 1
| #define HAVE_SYS_STAT_H 1
| #define HAVE_STDLIB_H 1
| #define HAVE_STRING_H 1
| #define HAVE_MEMORY_H 1
| #define HAVE_STRINGS_H 1
| #define HAVE_INTTYPES_H 1
| #define HAVE_STDINT_H 1
| #define HAVE_UNISTD_H 1
| #define LT_OBJDIR ".libs/"
| #define HAVE_UNSIGNED_LONG_LONG_INT 1
| #define HAVE_LONG_LONG_INT 1
| #define HAVE_DIRENT_H 1
| #define HAVE_FCNTL_H 1
| #define HAVE_MALLOC_H 1
| /* end confdefs.h.  */
| #include <stdio.h>
| #ifdef STDC_HEADERS
| # include <stdlib.h>
| # include <stddef.h>
| #else
| # ifdef HAVE_STDLIB_H
| #  include <stdlib.h>
| # endif
| #endif
| #ifdef HAVE_SYS_SOCKET_H
| # include <sys/socket.h>
| #endif
| 
| 
| #include <netinet/in.h>
configure:12593: result: no
configure:12618: checking for netinet/tcp.h
configure:12618: i686-pc-mingw32-gcc -std=gnu99 -c -g -O2  conftest.c >&5
conftest.c:41:25: fatal error: netinet/tcp.h: No such file or directory
compilation terminated.
configure:12618: $? = 1
configure: failed program was:
| /* confdefs.h */
| #define PACKAGE_NAME "openocd"
| #define PACKAGE_TARNAME "openocd"
| #define PACKAGE_VERSION "0.8.0-rc2"
| #define PACKAGE_STRING "openocd 0.8.0-rc2"
| #define PACKAGE_BUGREPORT "OpenOCD Mailing List <openocd-devel@lists.sourceforge.net>"
| #define PACKAGE_URL ""
| #define PACKAGE "openocd"
| #define VERSION "0.8.0-rc2"
| #define STDC_HEADERS 1
| #define HAVE_SYS_TYPES_H 1
| #define HAVE_SYS_STAT_H 1
| #define HAVE_STDLIB_H 1
| #define HAVE_STRING_H 1
| #define HAVE_MEMORY_H 1
| #define HAVE_STRINGS_H 1
| #define HAVE_INTTYPES_H 1
| #define HAVE_STDINT_H 1
| #define HAVE_UNISTD_H 1
| #define LT_OBJDIR ".libs/"
| #define HAVE_UNSIGNED_LONG_LONG_INT 1
| #define HAVE_LONG_LONG_INT 1
| #define HAVE_DIRENT_H 1
| #define HAVE_FCNTL_H 1
| #define HAVE_MALLOC_H 1
| /* end confdefs.h.  */
| #include <stdio.h>
| #ifdef STDC_HEADERS
| # include <stdlib.h>
| # include <stddef.h>
| #else
| # ifdef HAVE_STDLIB_H
| #  include <stdlib.h>
| # endif
| #endif
| #ifdef HAVE_SYS_SOCKET_H
| # include <sys/socket.h>
| #endif
| 
| 
| #include <netinet/tcp.h>
configure:12618: result: no
configure:12643: checking pthread.h usability
configure:12643: i686-pc-mingw32-gcc -std=gnu99 -c -g -O2  conftest.c >&5
configure:12643: $? = 0
configure:12643: result: yes
configure:12643: checking pthread.h presence
configure:12643: i686-pc-mingw32-gcc -std=gnu99 -E  conftest.c
configure:12643: $? = 0
configure:12643: result: yes
configure:12643: checking for pthread.h
configure:12643: result: yes
configure:12655: checking for strings.h
configure:12655: result: yes
configure:12667: checking sys/ioctl.h usability
configure:12667: i686-pc-mingw32-gcc -std=gnu99 -c -g -O2  conftest.c >&5
conftest.c:62:23: fatal error: sys/ioctl.h: No such file or directory
compilation terminated.
configure:12667: $? = 1
configure: failed program was:
| /* confdefs.h */
| #define PACKAGE_NAME "openocd"
| #define PACKAGE_TARNAME "openocd"
| #define PACKAGE_VERSION "0.8.0-rc2"
| #define PACKAGE_STRING "openocd 0.8.0-rc2"
| #define PACKAGE_BUGREPORT "OpenOCD Mailing List <openocd-devel@lists.sourceforge.net>"
| #define PACKAGE_URL ""
| #define PACKAGE "openocd"
| #define VERSION "0.8.0-rc2"
| #define STDC_HEADERS 1
| #define HAVE_SYS_TYPES_H 1
| #define HAVE_SYS_STAT_H 1
| #define HAVE_STDLIB_H 1
| #define HAVE_STRING_H 1
| #define HAVE_MEMORY_H 1
| #define HAVE_STRINGS_H 1
| #define HAVE_INTTYPES_H 1
| #define HAVE_STDINT_H 1
| #define HAVE_UNISTD_H 1
| #define LT_OBJDIR ".libs/"
| #define HAVE_UNSIGNED_LONG_LONG_INT 1
| #define HAVE_LONG_LONG_INT 1
| #define HAVE_DIRENT_H 1
| #define HAVE_FCNTL_H 1
| #define HAVE_MALLOC_H 1
| #define HAVE_PTHREAD_H 1
| #define HAVE_STRINGS_H 1
| /* end confdefs.h.  */
| #include <stdio.h>
| #ifdef HAVE_SYS_TYPES_H
| # include <sys/types.h>
| #endif
| #ifdef HAVE_SYS_STAT_H
| # include <sys/stat.h>
| #endif
| #ifdef STDC_HEADERS
| # include <stdlib.h>
| # include <stddef.h>
| #else
| # ifdef HAVE_STDLIB_H
| #  include <stdlib.h>
| # endif
| #endif
| #ifdef HAVE_STRING_H
| # if !defined STDC_HEADERS && defined HAVE_MEMORY_H
| #  include <memory.h>
| # endif
| # include <string.h>
| #endif
| #ifdef HAVE_STRINGS_H
| # include <strings.h>
| #endif
| #ifdef HAVE_INTTYPES_H
| # include <inttypes.h>
| #endif
| #ifdef HAVE_STDINT_H
| # include <stdint.h>
| #endif
| #ifdef HAVE_UNISTD_H
| # include <unistd.h>
| #endif
| #include <sys/ioctl.h>
configure:12667: result: no
configure:12667: checking sys/ioctl.h presence
configure:12667: i686-pc-mingw32-gcc -std=gnu99 -E  conftest.c
conftest.c:29:23: fatal error: sys/ioctl.h: No such file or directory
compilation terminated.
configure:12667: $? = 1
configure: failed program was:
| /* confdefs.h */
| #define PACKAGE_NAME "openocd"
| #define PACKAGE_TARNAME "openocd"
| #define PACKAGE_VERSION "0.8.0-rc2"
| #define PACKAGE_STRING "openocd 0.8.0-rc2"
| #define PACKAGE_BUGREPORT "OpenOCD Mailing List <openocd-devel@lists.sourceforge.net>"
| #define PACKAGE_URL ""
| #define PACKAGE "openocd"
| #define VERSION "0.8.0-rc2"
| #define STDC_HEADERS 1
| #define HAVE_SYS_TYPES_H 1
| #define HAVE_SYS_STAT_H 1
| #define HAVE_STDLIB_H 1
| #define HAVE_STRING_H 1
| #define HAVE_MEMORY_H 1
| #define HAVE_STRINGS_H 1
| #define HAVE_INTTYPES_H 1
| #define HAVE_STDINT_H 1
| #define HAVE_UNISTD_H 1
| #define LT_OBJDIR ".libs/"
| #define HAVE_UNSIGNED_LONG_LONG_INT 1
| #define HAVE_LONG_LONG_INT 1
| #define HAVE_DIRENT_H 1
| #define HAVE_FCNTL_H 1
| #define HAVE_MALLOC_H 1
| #define HAVE_PTHREAD_H 1
| #define HAVE_STRINGS_H 1
| /* end confdefs.h.  */
| #include <sys/ioctl.h>
configure:12667: result: no
configure:12667: checking for sys/ioctl.h
configure:12667: result: no
configure:12679: checking sys/param.h usability
configure:12679: i686-pc-mingw32-gcc -std=gnu99 -c -g -O2  conftest.c >&5
configure:12679: $? = 0
configure:12679: result: yes
configure:12679: checking sys/param.h presence
configure:12679: i686-pc-mingw32-gcc -std=gnu99 -E  conftest.c
configure:12679: $? = 0
configure:12679: result: yes
configure:12679: checking for sys/param.h
configure:12679: result: yes
configure:12691: checking sys/poll.h usability
configure:12691: i686-pc-mingw32-gcc -std=gnu99 -c -g -O2  conftest.c >&5
conftest.c:63:22: fatal error: sys/poll.h: No such file or directory
compilation terminated.
configure:12691: $? = 1
configure: failed program was:
| /* confdefs.h */
| #define PACKAGE_NAME "openocd"
| #define PACKAGE_TARNAME "openocd"
| #define PACKAGE_VERSION "0.8.0-rc2"
| #define PACKAGE_STRING "openocd 0.8.0-rc2"
| #define PACKAGE_BUGREPORT "OpenOCD Mailing List <openocd-devel@lists.sourceforge.net>"
| #define PACKAGE_URL ""
| #define PACKAGE "openocd"
| #define VERSION "0.8.0-rc2"
| #define STDC_HEADERS 1
| #define HAVE_SYS_TYPES_H 1
| #define HAVE_SYS_STAT_H 1
| #define HAVE_STDLIB_H 1
| #define HAVE_STRING_H 1
| #define HAVE_MEMORY_H 1
| #define HAVE_STRINGS_H 1
| #define HAVE_INTTYPES_H 1
| #define HAVE_STDINT_H 1
| #define HAVE_UNISTD_H 1
| #define LT_OBJDIR ".libs/"
| #define HAVE_UNSIGNED_LONG_LONG_INT 1
| #define HAVE_LONG_LONG_INT 1
| #define HAVE_DIRENT_H 1
| #define HAVE_FCNTL_H 1
| #define HAVE_MALLOC_H 1
| #define HAVE_PTHREAD_H 1
| #define HAVE_STRINGS_H 1
| #define HAVE_SYS_PARAM_H 1
| /* end confdefs.h.  */
| #include <stdio.h>
| #ifdef HAVE_SYS_TYPES_H
| # include <sys/types.h>
| #endif
| #ifdef HAVE_SYS_STAT_H
| # include <sys/stat.h>
| #endif
| #ifdef STDC_HEADERS
| # include <stdlib.h>
| # include <stddef.h>
| #else
| # ifdef HAVE_STDLIB_H
| #  include <stdlib.h>
| # endif
| #endif
| #ifdef HAVE_STRING_H
| # if !defined STDC_HEADERS && defined HAVE_MEMORY_H
| #  include <memory.h>
| # endif
| # include <string.h>
| #endif
| #ifdef HAVE_STRINGS_H
| # include <strings.h>
| #endif
| #ifdef HAVE_INTTYPES_H
| # include <inttypes.h>
| #endif
| #ifdef HAVE_STDINT_H
| # include <stdint.h>
| #endif
| #ifdef HAVE_UNISTD_H
| # include <unistd.h>
| #endif
| #include <sys/poll.h>
configure:12691: result: no
configure:12691: checking sys/poll.h presence
configure:12691: i686-pc-mingw32-gcc -std=gnu99 -E  conftest.c
conftest.c:30:22: fatal error: sys/poll.h: No such file or directory
compilation terminated.
configure:12691: $? = 1
configure: failed program was:
| /* confdefs.h */
| #define PACKAGE_NAME "openocd"
| #define PACKAGE_TARNAME "openocd"
| #define PACKAGE_VERSION "0.8.0-rc2"
| #define PACKAGE_STRING "openocd 0.8.0-rc2"
| #define PACKAGE_BUGREPORT "OpenOCD Mailing List <openocd-devel@lists.sourceforge.net>"
| #define PACKAGE_URL ""
| #define PACKAGE "openocd"
| #define VERSION "0.8.0-rc2"
| #define STDC_HEADERS 1
| #define HAVE_SYS_TYPES_H 1
| #define HAVE_SYS_STAT_H 1
| #define HAVE_STDLIB_H 1
| #define HAVE_STRING_H 1
| #define HAVE_MEMORY_H 1
| #define HAVE_STRINGS_H 1
| #define HAVE_INTTYPES_H 1
| #define HAVE_STDINT_H 1
| #define HAVE_UNISTD_H 1
| #define LT_OBJDIR ".libs/"
| #define HAVE_UNSIGNED_LONG_LONG_INT 1
| #define HAVE_LONG_LONG_INT 1
| #define HAVE_DIRENT_H 1
| #define HAVE_FCNTL_H 1
| #define HAVE_MALLOC_H 1
| #define HAVE_PTHREAD_H 1
| #define HAVE_STRINGS_H 1
| #define HAVE_SYS_PARAM_H 1
| /* end confdefs.h.  */
| #include <sys/poll.h>
configure:12691: result: no
configure:12691: checking for sys/poll.h
configure:12691: result: no
configure:12703: checking sys/select.h usability
configure:12703: i686-pc-mingw32-gcc -std=gnu99 -c -g -O2  conftest.c >&5
conftest.c:63:24: fatal error: sys/select.h: No such file or directory
compilation terminated.
configure:12703: $? = 1
configure: failed program was:
| /* confdefs.h */
| #define PACKAGE_NAME "openocd"
| #define PACKAGE_TARNAME "openocd"
| #define PACKAGE_VERSION "0.8.0-rc2"
| #define PACKAGE_STRING "openocd 0.8.0-rc2"
| #define PACKAGE_BUGREPORT "OpenOCD Mailing List <openocd-devel@lists.sourceforge.net>"
| #define PACKAGE_URL ""
| #define PACKAGE "openocd"
| #define VERSION "0.8.0-rc2"
| #define STDC_HEADERS 1
| #define HAVE_SYS_TYPES_H 1
| #define HAVE_SYS_STAT_H 1
| #define HAVE_STDLIB_H 1
| #define HAVE_STRING_H 1
| #define HAVE_MEMORY_H 1
| #define HAVE_STRINGS_H 1
| #define HAVE_INTTYPES_H 1
| #define HAVE_STDINT_H 1
| #define HAVE_UNISTD_H 1
| #define LT_OBJDIR ".libs/"
| #define HAVE_UNSIGNED_LONG_LONG_INT 1
| #define HAVE_LONG_LONG_INT 1
| #define HAVE_DIRENT_H 1
| #define HAVE_FCNTL_H 1
| #define HAVE_MALLOC_H 1
| #define HAVE_PTHREAD_H 1
| #define HAVE_STRINGS_H 1
| #define HAVE_SYS_PARAM_H 1
| /* end confdefs.h.  */
| #include <stdio.h>
| #ifdef HAVE_SYS_TYPES_H
| # include <sys/types.h>
| #endif
| #ifdef HAVE_SYS_STAT_H
| # include <sys/stat.h>
| #endif
| #ifdef STDC_HEADERS
| # include <stdlib.h>
| # include <stddef.h>
| #else
| # ifdef HAVE_STDLIB_H
| #  include <stdlib.h>
| # endif
| #endif
| #ifdef HAVE_STRING_H
| # if !defined STDC_HEADERS && defined HAVE_MEMORY_H
| #  include <memory.h>
| # endif
| # include <string.h>
| #endif
| #ifdef HAVE_STRINGS_H
| # include <strings.h>
| #endif
| #ifdef HAVE_INTTYPES_H
| # include <inttypes.h>
| #endif
| #ifdef HAVE_STDINT_H
| # include <stdint.h>
| #endif
| #ifdef HAVE_UNISTD_H
| # include <unistd.h>
| #endif
| #include <sys/select.h>
configure:12703: result: no
configure:12703: checking sys/select.h presence
configure:12703: i686-pc-mingw32-gcc -std=gnu99 -E  conftest.c
conftest.c:30:24: fatal error: sys/select.h: No such file or directory
compilation terminated.
configure:12703: $? = 1
configure: failed program was:
| /* confdefs.h */
| #define PACKAGE_NAME "openocd"
| #define PACKAGE_TARNAME "openocd"
| #define PACKAGE_VERSION "0.8.0-rc2"
| #define PACKAGE_STRING "openocd 0.8.0-rc2"
| #define PACKAGE_BUGREPORT "OpenOCD Mailing List <openocd-devel@lists.sourceforge.net>"
| #define PACKAGE_URL ""
| #define PACKAGE "openocd"
| #define VERSION "0.8.0-rc2"
| #define STDC_HEADERS 1
| #define HAVE_SYS_TYPES_H 1
| #define HAVE_SYS_STAT_H 1
| #define HAVE_STDLIB_H 1
| #define HAVE_STRING_H 1
| #define HAVE_MEMORY_H 1
| #define HAVE_STRINGS_H 1
| #define HAVE_INTTYPES_H 1
| #define HAVE_STDINT_H 1
| #define HAVE_UNISTD_H 1
| #define LT_OBJDIR ".libs/"
| #define HAVE_UNSIGNED_LONG_LONG_INT 1
| #define HAVE_LONG_LONG_INT 1
| #define HAVE_DIRENT_H 1
| #define HAVE_FCNTL_H 1
| #define HAVE_MALLOC_H 1
| #define HAVE_PTHREAD_H 1
| #define HAVE_STRINGS_H 1
| #define HAVE_SYS_PARAM_H 1
| /* end confdefs.h.  */
| #include <sys/select.h>
configure:12703: result: no
configure:12703: checking for sys/select.h
configure:12703: result: no
configure:12715: checking for sys/stat.h
configure:12715: result: yes
configure:12727: checking sys/time.h usability
configure:12727: i686-pc-mingw32-gcc -std=gnu99 -c -g -O2  conftest.c >&5
configure:12727: $? = 0
configure:12727: result: yes
configure:12727: checking sys/time.h presence
configure:12727: i686-pc-mingw32-gcc -std=gnu99 -E  conftest.c
configure:12727: $? = 0
configure:12727: result: yes
configure:12727: checking for sys/time.h
configure:12727: result: yes
configure:12739: checking for sys/types.h
configure:12739: result: yes
configure:12751: checking for unistd.h
configure:12751: result: yes
configure:12763: checking for net/if.h
configure:12763: i686-pc-mingw32-gcc -std=gnu99 -c -g -O2  conftest.c >&5
conftest.c:48:20: fatal error: net/if.h: No such file or directory
compilation terminated.
configure:12763: $? = 1
configure: failed program was:
| /* confdefs.h */
| #define PACKAGE_NAME "openocd"
| #define PACKAGE_TARNAME "openocd"
| #define PACKAGE_VERSION "0.8.0-rc2"
| #define PACKAGE_STRING "openocd 0.8.0-rc2"
| #define PACKAGE_BUGREPORT "OpenOCD Mailing List <openocd-devel@lists.sourceforge.net>"
| #define PACKAGE_URL ""
| #define PACKAGE "openocd"
| #define VERSION "0.8.0-rc2"
| #define STDC_HEADERS 1
| #define HAVE_SYS_TYPES_H 1
| #define HAVE_SYS_STAT_H 1
| #define HAVE_STDLIB_H 1
| #define HAVE_STRING_H 1
| #define HAVE_MEMORY_H 1
| #define HAVE_STRINGS_H 1
| #define HAVE_INTTYPES_H 1
| #define HAVE_STDINT_H 1
| #define HAVE_UNISTD_H 1
| #define LT_OBJDIR ".libs/"
| #define HAVE_UNSIGNED_LONG_LONG_INT 1
| #define HAVE_LONG_LONG_INT 1
| #define HAVE_DIRENT_H 1
| #define HAVE_FCNTL_H 1
| #define HAVE_MALLOC_H 1
| #define HAVE_PTHREAD_H 1
| #define HAVE_STRINGS_H 1
| #define HAVE_SYS_PARAM_H 1
| #define HAVE_SYS_STAT_H 1
| #define HAVE_SYS_TIME_H 1
| #define HAVE_SYS_TYPES_H 1
| #define HAVE_UNISTD_H 1
| /* end confdefs.h.  */
| #include <stdio.h>
| #ifdef STDC_HEADERS
| # include <stdlib.h>
| # include <stddef.h>
| #else
| # ifdef HAVE_STDLIB_H
| #  include <stdlib.h>
| # endif
| #endif
| #ifdef HAVE_SYS_SOCKET_H
| # include <sys/socket.h>
| #endif
| 
| 
| #include <net/if.h>
configure:12763: result: no
configure:12788: checking whether to enable assertions
configure:12806: result: yes
configure:12809: checking for stdbool.h that conforms to C99
configure:12876: i686-pc-mingw32-gcc -std=gnu99 -c -g -O2  conftest.c >&5
configure:12876: $? = 0
configure:12883: result: yes
configure:12885: checking for _Bool
configure:12885: i686-pc-mingw32-gcc -std=gnu99 -c -g -O2  conftest.c >&5
configure:12885: $? = 0
configure:12885: i686-pc-mingw32-gcc -std=gnu99 -c -g -O2  conftest.c >&5
conftest.c: In function 'main':
conftest.c:70:20: error: expected expression before ')' token
configure:12885: $? = 1
configure: failed program was:
| /* confdefs.h */
| #define PACKAGE_NAME "openocd"
| #define PACKAGE_TARNAME "openocd"
| #define PACKAGE_VERSION "0.8.0-rc2"
| #define PACKAGE_STRING "openocd 0.8.0-rc2"
| #define PACKAGE_BUGREPORT "OpenOCD Mailing List <openocd-devel@lists.sourceforge.net>"
| #define PACKAGE_URL ""
| #define PACKAGE "openocd"
| #define VERSION "0.8.0-rc2"
| #define STDC_HEADERS 1
| #define HAVE_SYS_TYPES_H 1
| #define HAVE_SYS_STAT_H 1
| #define HAVE_STDLIB_H 1
| #define HAVE_STRING_H 1
| #define HAVE_MEMORY_H 1
| #define HAVE_STRINGS_H 1
| #define HAVE_INTTYPES_H 1
| #define HAVE_STDINT_H 1
| #define HAVE_UNISTD_H 1
| #define LT_OBJDIR ".libs/"
| #define HAVE_UNSIGNED_LONG_LONG_INT 1
| #define HAVE_LONG_LONG_INT 1
| #define HAVE_DIRENT_H 1
| #define HAVE_FCNTL_H 1
| #define HAVE_MALLOC_H 1
| #define HAVE_PTHREAD_H 1
| #define HAVE_STRINGS_H 1
| #define HAVE_SYS_PARAM_H 1
| #define HAVE_SYS_STAT_H 1
| #define HAVE_SYS_TIME_H 1
| #define HAVE_SYS_TYPES_H 1
| #define HAVE_UNISTD_H 1
| /* end confdefs.h.  */
| #include <stdio.h>
| #ifdef HAVE_SYS_TYPES_H
| # include <sys/types.h>
| #endif
| #ifdef HAVE_SYS_STAT_H
| # include <sys/stat.h>
| #endif
| #ifdef STDC_HEADERS
| # include <stdlib.h>
| # include <stddef.h>
| #else
| # ifdef HAVE_STDLIB_H
| #  include <stdlib.h>
| # endif
| #endif
| #ifdef HAVE_STRING_H
| # if !defined STDC_HEADERS && defined HAVE_MEMORY_H
| #  include <memory.h>
| # endif
| # include <string.h>
| #endif
| #ifdef HAVE_STRINGS_H
| # include <strings.h>
| #endif
| #ifdef HAVE_INTTYPES_H
| # include <inttypes.h>
| #endif
| #ifdef HAVE_STDINT_H
| # include <stdint.h>
| #endif
| #ifdef HAVE_UNISTD_H
| # include <unistd.h>
| #endif
| int
| main ()
| {
| if (sizeof ((_Bool)))
| 	    return 0;
|   ;
|   return 0;
| }
configure:12885: result: yes
configure:12902: checking whether time.h and sys/time.h may both be included
configure:12922: i686-pc-mingw32-gcc -std=gnu99 -c -g -O2  conftest.c >&5
configure:12922: $? = 0
configure:12929: result: yes
configure:12938: checking whether byte ordering is bigendian
configure:12953: i686-pc-mingw32-gcc -std=gnu99 -c -g -O2  conftest.c >&5
conftest.c:38:9: error: unknown type name 'not'
conftest.c:38:15: error: expected '=', ',', ';', 'asm' or '__attribute__' before 'universal'
conftest.c:38:15: error: unknown type name 'universal'
configure:12953: $? = 1
configure: failed program was:
| /* confdefs.h */
| #define PACKAGE_NAME "openocd"
| #define PACKAGE_TARNAME "openocd"
| #define PACKAGE_VERSION "0.8.0-rc2"
| #define PACKAGE_STRING "openocd 0.8.0-rc2"
| #define PACKAGE_BUGREPORT "OpenOCD Mailing List <openocd-devel@lists.sourceforge.net>"
| #define PACKAGE_URL ""
| #define PACKAGE "openocd"
| #define VERSION "0.8.0-rc2"
| #define STDC_HEADERS 1
| #define HAVE_SYS_TYPES_H 1
| #define HAVE_SYS_STAT_H 1
| #define HAVE_STDLIB_H 1
| #define HAVE_STRING_H 1
| #define HAVE_MEMORY_H 1
| #define HAVE_STRINGS_H 1
| #define HAVE_INTTYPES_H 1
| #define HAVE_STDINT_H 1
| #define HAVE_UNISTD_H 1
| #define LT_OBJDIR ".libs/"
| #define HAVE_UNSIGNED_LONG_LONG_INT 1
| #define HAVE_LONG_LONG_INT 1
| #define HAVE_DIRENT_H 1
| #define HAVE_FCNTL_H 1
| #define HAVE_MALLOC_H 1
| #define HAVE_PTHREAD_H 1
| #define HAVE_STRINGS_H 1
| #define HAVE_SYS_PARAM_H 1
| #define HAVE_SYS_STAT_H 1
| #define HAVE_SYS_TIME_H 1
| #define HAVE_SYS_TYPES_H 1
| #define HAVE_UNISTD_H 1
| #define HAVE__BOOL 1
| #define HAVE_STDBOOL_H 1
| #define TIME_WITH_SYS_TIME 1
| /* end confdefs.h.  */
| #ifndef __APPLE_CC__
| 	       not a universal capable compiler
| 	     #endif
| 	     typedef int dummy;
| 
configure:12998: i686-pc-mingw32-gcc -std=gnu99 -c -g -O2  conftest.c >&5
configure:12998: $? = 0
configure:13016: i686-pc-mingw32-gcc -std=gnu99 -c -g -O2  conftest.c >&5
conftest.c: In function 'main':
conftest.c:44:4: error: unknown type name 'not'
conftest.c:44:12: error: expected '=', ',', ';', 'asm' or '__attribute__' before 'endian'
configure:13016: $? = 1
configure: failed program was:
| /* confdefs.h */
| #define PACKAGE_NAME "openocd"
| #define PACKAGE_TARNAME "openocd"
| #define PACKAGE_VERSION "0.8.0-rc2"
| #define PACKAGE_STRING "openocd 0.8.0-rc2"
| #define PACKAGE_BUGREPORT "OpenOCD Mailing List <openocd-devel@lists.sourceforge.net>"
| #define PACKAGE_URL ""
| #define PACKAGE "openocd"
| #define VERSION "0.8.0-rc2"
| #define STDC_HEADERS 1
| #define HAVE_SYS_TYPES_H 1
| #define HAVE_SYS_STAT_H 1
| #define HAVE_STDLIB_H 1
| #define HAVE_STRING_H 1
| #define HAVE_MEMORY_H 1
| #define HAVE_STRINGS_H 1
| #define HAVE_INTTYPES_H 1
| #define HAVE_STDINT_H 1
| #define HAVE_UNISTD_H 1
| #define LT_OBJDIR ".libs/"
| #define HAVE_UNSIGNED_LONG_LONG_INT 1
| #define HAVE_LONG_LONG_INT 1
| #define HAVE_DIRENT_H 1
| #define HAVE_FCNTL_H 1
| #define HAVE_MALLOC_H 1
| #define HAVE_PTHREAD_H 1
| #define HAVE_STRINGS_H 1
| #define HAVE_SYS_PARAM_H 1
| #define HAVE_SYS_STAT_H 1
| #define HAVE_SYS_TIME_H 1
| #define HAVE_SYS_TYPES_H 1
| #define HAVE_UNISTD_H 1
| #define HAVE__BOOL 1
| #define HAVE_STDBOOL_H 1
| #define TIME_WITH_SYS_TIME 1
| /* end confdefs.h.  */
| #include <sys/types.h>
| 		#include <sys/param.h>
| 
| int
| main ()
| {
| #if BYTE_ORDER != BIG_ENDIAN
| 		 not big endian
| 		#endif
| 
|   ;
|   return 0;
| }
configure:13144: result: no
configure:13165: checking for strndup
configure:13165: i686-pc-mingw32-gcc -std=gnu99 -o conftest.exe -g -O2   conftest.c  >&5
conftest.c:60:6: warning: conflicting types for built-in function 'strndup' [enabled by default]
/tmp/ccfglTVA.o: In function `main':
/home/kent.brinkley/openocd_0_8_0_rc2/code/conftest.c:71: undefined reference to `strndup'
collect2: error: ld returned 1 exit status
configure:13165: $? = 1
configure: failed program was:
| /* confdefs.h */
| #define PACKAGE_NAME "openocd"
| #define PACKAGE_TARNAME "openocd"
| #define PACKAGE_VERSION "0.8.0-rc2"
| #define PACKAGE_STRING "openocd 0.8.0-rc2"
| #define PACKAGE_BUGREPORT "OpenOCD Mailing List <openocd-devel@lists.sourceforge.net>"
| #define PACKAGE_URL ""
| #define PACKAGE "openocd"
| #define VERSION "0.8.0-rc2"
| #define STDC_HEADERS 1
| #define HAVE_SYS_TYPES_H 1
| #define HAVE_SYS_STAT_H 1
| #define HAVE_STDLIB_H 1
| #define HAVE_STRING_H 1
| #define HAVE_MEMORY_H 1
| #define HAVE_STRINGS_H 1
| #define HAVE_INTTYPES_H 1
| #define HAVE_STDINT_H 1
| #define HAVE_UNISTD_H 1
| #define LT_OBJDIR ".libs/"
| #define HAVE_UNSIGNED_LONG_LONG_INT 1
| #define HAVE_LONG_LONG_INT 1
| #define HAVE_DIRENT_H 1
| #define HAVE_FCNTL_H 1
| #define HAVE_MALLOC_H 1
| #define HAVE_PTHREAD_H 1
| #define HAVE_STRINGS_H 1
| #define HAVE_SYS_PARAM_H 1
| #define HAVE_SYS_STAT_H 1
| #define HAVE_SYS_TIME_H 1
| #define HAVE_SYS_TYPES_H 1
| #define HAVE_UNISTD_H 1
| #define HAVE__BOOL 1
| #define HAVE_STDBOOL_H 1
| #define TIME_WITH_SYS_TIME 1
| /* end confdefs.h.  */
| /* Define strndup to an innocuous variant, in case <limits.h> declares strndup.
|    For example, HP-UX 11i <limits.h> declares gettimeofday.  */
| #define strndup innocuous_strndup
| 
| /* System header to define __stub macros and hopefully few prototypes,
|     which can conflict with char strndup (); below.
|     Prefer <limits.h> to <assert.h> if __STDC__ is defined, since
|     <limits.h> exists even on freestanding compilers.  */
| 
| #ifdef __STDC__
| # include <limits.h>
| #else
| # include <assert.h>
| #endif
| 
| #undef strndup
| 
| /* Override any GCC internal prototype to avoid an error.
|    Use char because int might match the return type of a GCC
|    builtin and then its argument prototype would still apply.  */
| #ifdef __cplusplus
| extern "C"
| #endif
| char strndup ();
| /* The GNU C library defines this for functions which it implements
|     to always fail with ENOSYS.  Some functions are actually named
|     something starting with __ and the normal name is an alias.  */
| #if defined __stub_strndup || defined __stub___strndup
| choke me
| #endif
| 
| int
| main ()
| {
| return strndup ();
|   ;
|   return 0;
| }
configure:13165: result: no
configure:13176: checking for strnlen
configure:13176: i686-pc-mingw32-gcc -std=gnu99 -o conftest.exe -g -O2   conftest.c  >&5
/tmp/ccEwoqYC.o: In function `main':
/home/kent.brinkley/openocd_0_8_0_rc2/code/conftest.c:71: undefined reference to `strnlen'
collect2: error: ld returned 1 exit status
configure:13176: $? = 1
configure: failed program was:
| /* confdefs.h */
| #define PACKAGE_NAME "openocd"
| #define PACKAGE_TARNAME "openocd"
| #define PACKAGE_VERSION "0.8.0-rc2"
| #define PACKAGE_STRING "openocd 0.8.0-rc2"
| #define PACKAGE_BUGREPORT "OpenOCD Mailing List <openocd-devel@lists.sourceforge.net>"
| #define PACKAGE_URL ""
| #define PACKAGE "openocd"
| #define VERSION "0.8.0-rc2"
| #define STDC_HEADERS 1
| #define HAVE_SYS_TYPES_H 1
| #define HAVE_SYS_STAT_H 1
| #define HAVE_STDLIB_H 1
| #define HAVE_STRING_H 1
| #define HAVE_MEMORY_H 1
| #define HAVE_STRINGS_H 1
| #define HAVE_INTTYPES_H 1
| #define HAVE_STDINT_H 1
| #define HAVE_UNISTD_H 1
| #define LT_OBJDIR ".libs/"
| #define HAVE_UNSIGNED_LONG_LONG_INT 1
| #define HAVE_LONG_LONG_INT 1
| #define HAVE_DIRENT_H 1
| #define HAVE_FCNTL_H 1
| #define HAVE_MALLOC_H 1
| #define HAVE_PTHREAD_H 1
| #define HAVE_STRINGS_H 1
| #define HAVE_SYS_PARAM_H 1
| #define HAVE_SYS_STAT_H 1
| #define HAVE_SYS_TIME_H 1
| #define HAVE_SYS_TYPES_H 1
| #define HAVE_UNISTD_H 1
| #define HAVE__BOOL 1
| #define HAVE_STDBOOL_H 1
| #define TIME_WITH_SYS_TIME 1
| /* end confdefs.h.  */
| /* Define strnlen to an innocuous variant, in case <limits.h> declares strnlen.
|    For example, HP-UX 11i <limits.h> declares gettimeofday.  */
| #define strnlen innocuous_strnlen
| 
| /* System header to define __stub macros and hopefully few prototypes,
|     which can conflict with char strnlen (); below.
|     Prefer <limits.h> to <assert.h> if __STDC__ is defined, since
|     <limits.h> exists even on freestanding compilers.  */
| 
| #ifdef __STDC__
| # include <limits.h>
| #else
| # include <assert.h>
| #endif
| 
| #undef strnlen
| 
| /* Override any GCC internal prototype to avoid an error.
|    Use char because int might match the return type of a GCC
|    builtin and then its argument prototype would still apply.  */
| #ifdef __cplusplus
| extern "C"
| #endif
| char strnlen ();
| /* The GNU C library defines this for functions which it implements
|     to always fail with ENOSYS.  Some functions are actually named
|     something starting with __ and the normal name is an alias.  */
| #if defined __stub_strnlen || defined __stub___strnlen
| choke me
| #endif
| 
| int
| main ()
| {
| return strnlen ();
|   ;
|   return 0;
| }
configure:13176: result: no
configure:13187: checking for gettimeofday
configure:13187: i686-pc-mingw32-gcc -std=gnu99 -o conftest.exe -g -O2   conftest.c  >&5
configure:13187: $? = 0
configure:13187: result: yes
configure:13198: checking for usleep
configure:13198: i686-pc-mingw32-gcc -std=gnu99 -o conftest.exe -g -O2   conftest.c  >&5
configure:13198: $? = 0
configure:13198: result: yes
configure:13209: checking for vasprintf
configure:13209: i686-pc-mingw32-gcc -std=gnu99 -o conftest.exe -g -O2   conftest.c  >&5
/tmp/ccMBdPQ7.o: In function `main':
/home/kent.brinkley/openocd_0_8_0_rc2/code/conftest.c:73: undefined reference to `vasprintf'
collect2: error: ld returned 1 exit status
configure:13209: $? = 1
configure: failed program was:
| /* confdefs.h */
| #define PACKAGE_NAME "openocd"
| #define PACKAGE_TARNAME "openocd"
| #define PACKAGE_VERSION "0.8.0-rc2"
| #define PACKAGE_STRING "openocd 0.8.0-rc2"
| #define PACKAGE_BUGREPORT "OpenOCD Mailing List <openocd-devel@lists.sourceforge.net>"
| #define PACKAGE_URL ""
| #define PACKAGE "openocd"
| #define VERSION "0.8.0-rc2"
| #define STDC_HEADERS 1
| #define HAVE_SYS_TYPES_H 1
| #define HAVE_SYS_STAT_H 1
| #define HAVE_STDLIB_H 1
| #define HAVE_STRING_H 1
| #define HAVE_MEMORY_H 1
| #define HAVE_STRINGS_H 1
| #define HAVE_INTTYPES_H 1
| #define HAVE_STDINT_H 1
| #define HAVE_UNISTD_H 1
| #define LT_OBJDIR ".libs/"
| #define HAVE_UNSIGNED_LONG_LONG_INT 1
| #define HAVE_LONG_LONG_INT 1
| #define HAVE_DIRENT_H 1
| #define HAVE_FCNTL_H 1
| #define HAVE_MALLOC_H 1
| #define HAVE_PTHREAD_H 1
| #define HAVE_STRINGS_H 1
| #define HAVE_SYS_PARAM_H 1
| #define HAVE_SYS_STAT_H 1
| #define HAVE_SYS_TIME_H 1
| #define HAVE_SYS_TYPES_H 1
| #define HAVE_UNISTD_H 1
| #define HAVE__BOOL 1
| #define HAVE_STDBOOL_H 1
| #define TIME_WITH_SYS_TIME 1
| #define HAVE_GETTIMEOFDAY 1
| #define HAVE_USLEEP 1
| /* end confdefs.h.  */
| /* Define vasprintf to an innocuous variant, in case <limits.h> declares vasprintf.
|    For example, HP-UX 11i <limits.h> declares gettimeofday.  */
| #define vasprintf innocuous_vasprintf
| 
| /* System header to define __stub macros and hopefully few prototypes,
|     which can conflict with char vasprintf (); below.
|     Prefer <limits.h> to <assert.h> if __STDC__ is defined, since
|     <limits.h> exists even on freestanding compilers.  */
| 
| #ifdef __STDC__
| # include <limits.h>
| #else
| # include <assert.h>
| #endif
| 
| #undef vasprintf
| 
| /* Override any GCC internal prototype to avoid an error.
|    Use char because int might match the return type of a GCC
|    builtin and then its argument prototype would still apply.  */
| #ifdef __cplusplus
| extern "C"
| #endif
| char vasprintf ();
| /* The GNU C library defines this for functions which it implements
|     to always fail with ENOSYS.  Some functions are actually named
|     something starting with __ and the normal name is an alias.  */
| #if defined __stub_vasprintf || defined __stub___vasprintf
| choke me
| #endif
| 
| int
| main ()
| {
| return vasprintf ();
|   ;
|   return 0;
| }
configure:13209: result: no
configure:13227: checking whether to build a release
configure:13234: result: no
configure:13372: checking whether to build Doxygen as HTML
configure:13374: result: yes
configure:13385: checking whether to build Doxygen as PDF
configure:13387: result: no
configure:13447: checking whether to enable verbose JTAG I/O messages
configure:13449: result: no
configure:13457: checking whether to enable verbose USB I/O messages
configure:13459: result: no
configure:13467: checking whether to enable verbose USB communication messages
configure:13469: result: no
configure:13484: checking whether to enable malloc free space logging
configure:13486: result: no
configure:13837: checking whether to enable ZY1000 minidriver
configure:13848: result: no
configure:13859: checking whether to enable dummy minidriver
configure:13873: result: no
configure:13876: checking whether standard drivers can be built
configure:13885: result: yes
configure:15026: checking for LIBUSB1
configure:15033: $PKG_CONFIG --exists --print-errors "libusb-1.0"
configure:15036: $? = 0
configure:15049: $PKG_CONFIG --exists --print-errors "libusb-1.0"
configure:15052: $? = 0
configure:15095: result: yes
configure:15103: $PKG_CONFIG --exists --print-errors "libusb-1.0 >= 1.0.9"
configure:15106: $? = 0
configure:15116: libusb-1.0 header bug workaround: LIBUSB1_CFLAGS changed to "-isystem /usr/include/libusb-1.0"
configure:15123: checking for LIBUSB0
configure:15130: $PKG_CONFIG --exists --print-errors "libusb"
Package libusb was not found in the pkg-config search path.
Perhaps you should add the directory containing `libusb.pc'
to the PKG_CONFIG_PATH environment variable
No package 'libusb' found
configure:15133: $? = 1
configure:15146: $PKG_CONFIG --exists --print-errors "libusb"
Package libusb was not found in the pkg-config search path.
Perhaps you should add the directory containing `libusb.pc'
to the PKG_CONFIG_PATH environment variable
No package 'libusb' found
configure:15149: $? = 1
No package 'libusb' found
configure:15176: result: no
configure:15192: checking for HIDAPI
configure:15199: $PKG_CONFIG --exists --print-errors "$hidapi_lib"
Package hidapi was not found in the pkg-config search path.
Perhaps you should add the directory containing `hidapi.pc'
to the PKG_CONFIG_PATH environment variable
No package 'hidapi' found
configure:15202: $? = 1
configure:15215: $PKG_CONFIG --exists --print-errors "$hidapi_lib"
Package hidapi was not found in the pkg-config search path.
Perhaps you should add the directory containing `hidapi.pc'
to the PKG_CONFIG_PATH environment variable
No package 'hidapi' found
configure:15218: $? = 1
No package 'hidapi' found
configure:15245: result: no
configure:15192: checking for HIDAPI
configure:15199: $PKG_CONFIG --exists --print-errors "$hidapi_lib"
Package hidapi-hidraw was not found in the pkg-config search path.
Perhaps you should add the directory containing `hidapi-hidraw.pc'
to the PKG_CONFIG_PATH environment variable
No package 'hidapi-hidraw' found
configure:15202: $? = 1
configure:15215: $PKG_CONFIG --exists --print-errors "$hidapi_lib"
Package hidapi-hidraw was not found in the pkg-config search path.
Perhaps you should add the directory containing `hidapi-hidraw.pc'
to the PKG_CONFIG_PATH environment variable
No package 'hidapi-hidraw' found
configure:15218: $? = 1
No package 'hidapi-hidraw' found
configure:15245: result: no
configure:15192: checking for HIDAPI
configure:15199: $PKG_CONFIG --exists --print-errors "$hidapi_lib"
Package hidapi-libusb was not found in the pkg-config search path.
Perhaps you should add the directory containing `hidapi-libusb.pc'
to the PKG_CONFIG_PATH environment variable
No package 'hidapi-libusb' found
configure:15202: $? = 1
configure:15215: $PKG_CONFIG --exists --print-errors "$hidapi_lib"
Package hidapi-libusb was not found in the pkg-config search path.
Perhaps you should add the directory containing `hidapi-libusb.pc'
to the PKG_CONFIG_PATH environment variable
No package 'hidapi-libusb' found
configure:15218: $? = 1
No package 'hidapi-libusb' found
configure:15245: result: no
configure:15949: checking for environ in unistd.h and stdlib.h
configure:15967: i686-pc-mingw32-gcc -std=gnu99 -c -g -O2 -D__USE_MINGW_ANSI_STDIO  conftest.c >&5
configure:15967: $? = 0
configure:15969: result: yes
configure:16044: checking for a C compiler for build tools
configure:16051: checking for gcc
configure:16067: found /usr/bin/gcc
configure:16078: result: gcc
configure:16095: result: gcc
configure:16100: checking for suffix of executable build tools
configure:16111: gcc conftest.c -o conftest.exe
conftest.c: In function 'main':
conftest.c:3:3: warning: incompatible implicit declaration of built-in function 'exit' [enabled by default]
   exit (0);
   ^
configure:16114: $? = 0
configure:16129: result: .exe
configure:16244: checking that generated files are newer than configure
configure:16250: result: done
configure:16482: creating ./config.status

## ---------------------- ##
## Running config.status. ##
## ---------------------- ##

This file was extended by openocd config.status 0.8.0-rc2, which was
generated by GNU Autoconf 2.69.  Invocation command line was

  CONFIG_FILES    = 
  CONFIG_HEADERS  = 
  CONFIG_LINKS    = 
  CONFIG_COMMANDS = 
  $ ./config.status 

on t3610-kbrinkley

config.status:1292: creating Makefile
config.status:1292: creating src/Makefile
config.status:1292: creating src/helper/Makefile
config.status:1292: creating src/jtag/Makefile
config.status:1292: creating src/jtag/drivers/Makefile
config.status:1292: creating src/jtag/drivers/usb_blaster/Makefile
config.status:1292: creating src/jtag/hla/Makefile
config.status:1292: creating src/jtag/aice/Makefile
config.status:1292: creating src/transport/Makefile
config.status:1292: creating src/target/openrisc/Makefile
config.status:1292: creating src/xsvf/Makefile
config.status:1292: creating src/svf/Makefile
config.status:1292: creating src/target/Makefile
config.status:1292: creating src/rtos/Makefile
config.status:1292: creating src/server/Makefile
config.status:1292: creating src/flash/Makefile
config.status:1292: creating src/flash/nor/Makefile
config.status:1292: creating src/flash/nand/Makefile
config.status:1292: creating src/pld/Makefile
config.status:1292: creating doc/Makefile
config.status:1292: creating config.h
config.status:1473: config.h is unchanged
config.status:1521: executing depfiles commands
config.status:1521: executing libtool commands
configure:18792: === configuring in jimtcl (/home/kent.brinkley/openocd_0_8_0_rc2/code/jimtcl)
configure:18855: running /bin/sh ./configure.gnu --disable-option-checking '--prefix=/usr/local'  '--disable-werror' '--enable-ftdi' '--build=i686-pc-cygwin' '--host=i686-pc-mingw32' 'build_alias=i686-pc-cygwin' 'host_alias=i686-pc-mingw32' --cache-file=/dev/null --srcdir=.

## ---------------- ##
## Cache variables. ##
## ---------------- ##

ac_cv_build=i686-pc-cygwin
ac_cv_c_bigendian=no
ac_cv_c_compiler_gnu=yes
ac_cv_c_const=yes
ac_cv_env_CC_set=
ac_cv_env_CC_value=
ac_cv_env_CFLAGS_set=
ac_cv_env_CFLAGS_value=
ac_cv_env_CPPFLAGS_set=
ac_cv_env_CPPFLAGS_value=
ac_cv_env_CPP_set=
ac_cv_env_CPP_value=
ac_cv_env_HIDAPI_CFLAGS_set=
ac_cv_env_HIDAPI_CFLAGS_value=
ac_cv_env_HIDAPI_LIBS_set=
ac_cv_env_HIDAPI_LIBS_value=
ac_cv_env_LDFLAGS_set=
ac_cv_env_LDFLAGS_value=
ac_cv_env_LIBFTDI_CFLAGS_set=
ac_cv_env_LIBFTDI_CFLAGS_value=
ac_cv_env_LIBFTDI_LIBS_set=
ac_cv_env_LIBFTDI_LIBS_value=
ac_cv_env_LIBS_set=
ac_cv_env_LIBS_value=
ac_cv_env_LIBUSB0_CFLAGS_set=
ac_cv_env_LIBUSB0_CFLAGS_value=
ac_cv_env_LIBUSB0_LIBS_set=
ac_cv_env_LIBUSB0_LIBS_value=
ac_cv_env_LIBUSB1_CFLAGS_set=
ac_cv_env_LIBUSB1_CFLAGS_value=
ac_cv_env_LIBUSB1_LIBS_set=
ac_cv_env_LIBUSB1_LIBS_value=
ac_cv_env_PKG_CONFIG_LIBDIR_set=
ac_cv_env_PKG_CONFIG_LIBDIR_value=
ac_cv_env_PKG_CONFIG_PATH_set=
ac_cv_env_PKG_CONFIG_PATH_value=
ac_cv_env_PKG_CONFIG_set=
ac_cv_env_PKG_CONFIG_value=
ac_cv_env_build_alias_set=set
ac_cv_env_build_alias_value=i686-pc-cygwin
ac_cv_env_host_alias_set=set
ac_cv_env_host_alias_value=i686-pc-mingw32
ac_cv_env_target_alias_set=
ac_cv_env_target_alias_value=
ac_cv_exeext=.exe
ac_cv_func_gettimeofday=yes
ac_cv_func_strndup=no
ac_cv_func_strnlen=no
ac_cv_func_usleep=yes
ac_cv_func_vasprintf=no
ac_cv_header_arpa_inet_h=no
ac_cv_header_dirent_h=yes
ac_cv_header_dlfcn_h=no
ac_cv_header_elf_h=no
ac_cv_header_fcntl_h=yes
ac_cv_header_ifaddrs_h=no
ac_cv_header_inttypes_h=yes
ac_cv_header_malloc_h=yes
ac_cv_header_memory_h=yes
ac_cv_header_net_if_h=no
ac_cv_header_netdb_h=no
ac_cv_header_netinet_in_h=no
ac_cv_header_netinet_tcp_h=no
ac_cv_header_pthread_h=yes
ac_cv_header_stdbool_h=yes
ac_cv_header_stdc=yes
ac_cv_header_stdint_h=yes
ac_cv_header_stdlib_h=yes
ac_cv_header_string_h=yes
ac_cv_header_strings_h=yes
ac_cv_header_sys_ioctl_h=no
ac_cv_header_sys_param_h=yes
ac_cv_header_sys_poll_h=no
ac_cv_header_sys_select_h=no
ac_cv_header_sys_socket_h=no
ac_cv_header_sys_stat_h=yes
ac_cv_header_sys_time_h=yes
ac_cv_header_sys_types_h=yes
ac_cv_header_time=yes
ac_cv_header_unistd_h=yes
ac_cv_host=i686-pc-mingw32
ac_cv_objext=o
ac_cv_path_EGREP='/usr/bin/grep -E'
ac_cv_path_FGREP='/usr/bin/grep -F'
ac_cv_path_GREP=/usr/bin/grep
ac_cv_path_SED=/usr/bin/sed
ac_cv_path_ac_pt_PKG_CONFIG=/usr/bin/pkg-config
ac_cv_path_install='/usr/bin/install -c'
ac_cv_path_mkdir=/usr/bin/mkdir
ac_cv_prog_AR=i686-pc-mingw32-ar
ac_cv_prog_AWK=gawk
ac_cv_prog_CC=i686-pc-mingw32-gcc
ac_cv_prog_CC_FOR_BUILD=gcc
ac_cv_prog_CPP='i686-pc-mingw32-gcc -std=gnu99 -E'
ac_cv_prog_DLLTOOL=i686-pc-mingw32-dlltool
ac_cv_prog_OBJDUMP=i686-pc-mingw32-objdump
ac_cv_prog_RANLIB=i686-pc-mingw32-ranlib
ac_cv_prog_STRIP=i686-pc-mingw32-strip
ac_cv_prog_cc_c89=
ac_cv_prog_cc_c99=-std=gnu99
ac_cv_prog_cc_g=yes
ac_cv_prog_make_make_set=yes
ac_cv_search_dlopen=no
ac_cv_search_ioperm=no
ac_cv_type__Bool=yes
ac_cv_type_long_long_int=yes
ac_cv_type_unsigned_long_long_int=yes
am_cv_CC_dependencies_compiler_type=gcc3
am_cv_make_support_nested_variables=yes
am_cv_prog_cc_c_o=yes
lt_cv_ar_at_file=@
lt_cv_deplibs_check_method='file_magic ^x86 archive import|^x86 DLL'
lt_cv_file_magic_cmd=func_win32_libid
lt_cv_file_magic_test_file=
lt_cv_ld_reload_flag=-r
lt_cv_nm_interface='BSD nm'
lt_cv_objdir=.libs
lt_cv_path_LD=/usr/i686-pc-mingw32/bin/ld.exe
lt_cv_path_NM='/usr/bin/i686-pc-mingw32-nm -B'
lt_cv_path_mainfest_tool=no
lt_cv_prog_compiler_c_o=yes
lt_cv_prog_compiler_pic='-DDLL_EXPORT -DPIC'
lt_cv_prog_compiler_pic_works=yes
lt_cv_prog_compiler_rtti_exceptions=no
lt_cv_prog_compiler_static_works=yes
lt_cv_prog_gnu_ld=yes
lt_cv_sharedlib_from_linklib_cmd=func_cygming_dll_for_implib
lt_cv_sys_global_symbol_pipe='sed -n -e '\''s/^.*[	 ]\([ABCDGIRSTW][ABCDGIRSTW]*\)[	 ][	 ]*_\([_A-Za-z][_A-Za-z0-9]*\)$/\1 _\2 \2/p'\'' | sed '\''/ __gnu_lto/d'\'''
lt_cv_sys_global_symbol_to_c_name_address='sed -n -e '\''s/^: \([^ ]*\)[ ]*$/  {\"\1\", (void *) 0},/p'\'' -e '\''s/^[ABCDGIRSTW]* \([^ ]*\) \([^ ]*\)$/  {"\2", (void *) \&\2},/p'\'''
lt_cv_sys_global_symbol_to_c_name_address_lib_prefix='sed -n -e '\''s/^: \([^ ]*\)[ ]*$/  {\"\1\", (void *) 0},/p'\'' -e '\''s/^[ABCDGIRSTW]* \([^ ]*\) \(lib[^ ]*\)$/  {"\2", (void *) \&\2},/p'\'' -e '\''s/^[ABCDGIRSTW]* \([^ ]*\) \([^ ]*\)$/  {"lib\2", (void *) \&\2},/p'\'''
lt_cv_sys_global_symbol_to_cdecl='sed -n -e '\''s/^T .* \(.*\)$/extern int \1();/p'\'' -e '\''s/^[ABCDGIRSTW]* .* \(.*\)$/extern char \1;/p'\'''
lt_cv_sys_max_cmd_len=8192
lt_cv_to_host_file_cmd=func_convert_file_cygwin_to_w32
lt_cv_to_tool_file_cmd=func_convert_file_noop
pkg_cv_LIBUSB1_CFLAGS='-I/usr/include/libusb-1.0  '
pkg_cv_LIBUSB1_LIBS='-lusb-1.0  '

## ----------------- ##
## Output variables. ##
## ----------------- ##

ACLOCAL='${SHELL} /home/kent.brinkley/openocd_0_8_0_rc2/code/missing aclocal-1.14'
AICE_FALSE='#'
AICE_TRUE=''
AMDEPBACKSLASH='\'
AMDEP_FALSE='#'
AMDEP_TRUE=''
AMTAR='$${TAR-tar}'
AMTJTAGACCEL_FALSE=''
AMTJTAGACCEL_TRUE='#'
AM_BACKSLASH='\'
AM_DEFAULT_V='$(AM_DEFAULT_VERBOSITY)'
AM_DEFAULT_VERBOSITY='1'
AM_V='$(V)'
AR='i686-pc-mingw32-ar'
ARMJTAGEW_FALSE=''
ARMJTAGEW_TRUE='#'
AT91RM9200_FALSE=''
AT91RM9200_TRUE='#'
AUTOCONF='${SHELL} /home/kent.brinkley/openocd_0_8_0_rc2/code/missing autoconf'
AUTOHEADER='${SHELL} /home/kent.brinkley/openocd_0_8_0_rc2/code/missing autoheader'
AUTOMAKE='${SHELL} /home/kent.brinkley/openocd_0_8_0_rc2/code/missing automake-1.14'
AWK='gawk'
BCM2835GPIO_FALSE=''
BCM2835GPIO_TRUE='#'
BITBANG_FALSE=''
BITBANG_TRUE='#'
BITQ_FALSE=''
BITQ_TRUE='#'
BUSPIRATE_FALSE=''
BUSPIRATE_TRUE='#'
CC='i686-pc-mingw32-gcc -std=gnu99'
CCDEPMODE='depmode=gcc3'
CC_FOR_BUILD='gcc'
CFLAGS='-g -O2 -D__USE_MINGW_ANSI_STDIO -Wall -Wstrict-prototypes -Wformat-security -Wshadow -Wextra -Wno-unused-parameter -Wbad-function-cast -Wcast-align -Wredundant-decls'
CFLAGS_FOR_BUILD='-g -O2 -Wall -Wstrict-prototypes -Wformat-security -Wshadow -Wextra -Wno-unused-parameter -Wbad-function-cast -Wcast-align -Wredundant-decls'
CMSIS_DAP_FALSE=''
CMSIS_DAP_TRUE='#'
CPP='i686-pc-mingw32-gcc -std=gnu99 -E'
CPPFLAGS=''
CYGPATH_W='cygpath -w'
DEFS='-DHAVE_CONFIG_H'
DEPDIR='.deps'
DLLTOOL='i686-pc-mingw32-dlltool'
DSYMUTIL=''
DUMMY_FALSE=''
DUMMY_TRUE='#'
DUMPBIN=''
ECHO_C=''
ECHO_N='-n'
ECHO_T=''
EGREP='/usr/bin/grep -E'
EP93XX_FALSE=''
EP93XX_TRUE='#'
EXEEXT='.exe'
EXEEXT_FOR_BUILD='.exe'
FGREP='/usr/bin/grep -F'
FT2232_DRIVER_FALSE=''
FT2232_DRIVER_TRUE='#'
FT2232_LIBFTDI_FALSE=''
FT2232_LIBFTDI_TRUE='#'
FTDI_FALSE='#'
FTDI_TRUE=''
GIVEIO_FALSE='#'
GIVEIO_TRUE=''
GREP='/usr/bin/grep'
GW16012_FALSE=''
GW16012_TRUE='#'
HIDAPI_CFLAGS=''
HIDAPI_LIBS=''
HLADAPTER_FALSE='#'
HLADAPTER_ICDI_FALSE='#'
HLADAPTER_ICDI_TRUE=''
HLADAPTER_STLINK_FALSE='#'
HLADAPTER_STLINK_TRUE=''
HLADAPTER_TRUE=''
INSTALL_DATA='${INSTALL} -m 644'
INSTALL_PROGRAM='${INSTALL}'
INSTALL_SCRIPT='${INSTALL}'
INSTALL_STRIP_PROGRAM='$(install_sh) -c -s'
INTERNAL_JIMTCL_FALSE='#'
INTERNAL_JIMTCL_TRUE=''
IOUTIL_FALSE=''
IOUTIL_TRUE='#'
IS_CYGWIN_FALSE=''
IS_CYGWIN_TRUE='#'
IS_DARWIN_FALSE=''
IS_DARWIN_TRUE='#'
IS_MINGW_FALSE='#'
IS_MINGW_TRUE=''
IS_WIN32_FALSE='#'
IS_WIN32_TRUE=''
JLINK_FALSE='#'
JLINK_TRUE=''
JTAG_VPI_FALSE=''
JTAG_VPI_TRUE='#'
LD='/usr/i686-pc-mingw32/bin/ld.exe'
LDFLAGS=''
LIBFTDI_CFLAGS=''
LIBFTDI_LIBS=''
LIBOBJS=''
LIBS=''
LIBTOOL='$(SHELL) $(top_builddir)/libtool'
LIBTOOL_DEPS='./ltmain.sh'
LIBUSB0_CFLAGS=''
LIBUSB0_LIBS=''
LIBUSB1_CFLAGS='-isystem /usr/include/libusb-1.0'
LIBUSB1_LIBS='-lusb-1.0  '
LIPO=''
LN_S='ln -s'
LTLIBOBJS=''
MAKEINFO='${SHELL} /home/kent.brinkley/openocd_0_8_0_rc2/code/missing makeinfo'
MANIFEST_TOOL=':'
MINIDRIVER_DUMMY_FALSE=''
MINIDRIVER_DUMMY_TRUE='#'
MINIDRIVER_FALSE=''
MINIDRIVER_TRUE='#'
MKDIR_P='/usr/bin/mkdir -p'
NM='/usr/bin/i686-pc-mingw32-nm -B'
NMEDIT=''
OBJDUMP='i686-pc-mingw32-objdump'
OBJEXT='o'
OOCD_TRACE_FALSE=''
OOCD_TRACE_TRUE='#'
OPENDOUS_FALSE='#'
OPENDOUS_TRUE=''
OPENJTAG_FALSE=''
OPENJTAG_TRUE='#'
OSBDM_FALSE='#'
OSBDM_TRUE=''
OTOOL64=''
OTOOL=''
PACKAGE='openocd'
PACKAGE_BUGREPORT='OpenOCD Mailing List <openocd-devel@lists.sourceforge.net>'
PACKAGE_NAME='openocd'
PACKAGE_STRING='openocd 0.8.0-rc2'
PACKAGE_TARNAME='openocd'
PACKAGE_URL=''
PACKAGE_VERSION='0.8.0-rc2'
PARPORT_FALSE=''
PARPORT_TRUE='#'
PATH_SEPARATOR=':'
PKG_CONFIG='/usr/bin/pkg-config'
PKG_CONFIG_LIBDIR=''
PKG_CONFIG_PATH=''
PRESTO_DRIVER_FALSE=''
PRESTO_DRIVER_TRUE='#'
PRESTO_LIBFTDI_FALSE=''
PRESTO_LIBFTDI_TRUE='#'
RANLIB='i686-pc-mingw32-ranlib'
RELEASE_FALSE=''
RELEASE_TRUE='#'
REMOTE_BITBANG_FALSE=''
REMOTE_BITBANG_TRUE='#'
RLINK_FALSE=''
RLINK_TRUE='#'
SED='/usr/bin/sed'
SET_MAKE=''
SHELL='/bin/sh'
STRIP='i686-pc-mingw32-strip'
SYSFSGPIO_FALSE=''
SYSFSGPIO_TRUE='#'
ULINK_FALSE='#'
ULINK_TRUE=''
USBPROG_FALSE=''
USBPROG_TRUE='#'
USB_BLASTER_2_FALSE='#'
USB_BLASTER_2_TRUE=''
USB_BLASTER_DRIVER_FALSE='#'
USB_BLASTER_DRIVER_TRUE=''
USB_BLASTER_FTD2XX_FALSE=''
USB_BLASTER_FTD2XX_TRUE='#'
USB_BLASTER_LIBFTDI_FALSE=''
USB_BLASTER_LIBFTDI_TRUE='#'
USE_LIBUSB0_FALSE=''
USE_LIBUSB0_TRUE='#'
USE_LIBUSB1_FALSE='#'
USE_LIBUSB1_TRUE=''
VERSION='0.8.0-rc2'
VSLLINK_FALSE=''
VSLLINK_TRUE='#'
ZY1000_FALSE=''
ZY1000_MASTER_FALSE=''
ZY1000_MASTER_TRUE='#'
ZY1000_TRUE='#'
ac_ct_AR=''
ac_ct_CC=''
ac_ct_DUMPBIN=''
am__EXEEXT_FALSE='#'
am__EXEEXT_TRUE=''
am__fastdepCC_FALSE='#'
am__fastdepCC_TRUE=''
am__include='include'
am__isrc=''
am__leading_dot='.'
am__nodep='_no'
am__quote=''
am__tar='$${TAR-tar} chof - "$$tardir"'
am__untar='$${TAR-tar} xf -'
bindir='${exec_prefix}/bin'
build='i686-pc-cygwin'
build_alias='i686-pc-cygwin'
build_cpu='i686'
build_os='cygwin'
build_vendor='pc'
datadir='${datarootdir}'
datarootdir='${prefix}/share'
docdir='${datarootdir}/doc/${PACKAGE_TARNAME}'
doxygen_as_html='yes'
doxygen_as_pdf='no'
dvidir='${docdir}'
exec_prefix='${prefix}'
host='i686-pc-mingw32'
host_alias='i686-pc-mingw32'
host_cpu='i686'
host_os='mingw32'
host_vendor='pc'
htmldir='${docdir}'
includedir='${prefix}/include'
infodir='${datarootdir}/info'
install_sh='${SHELL} /home/kent.brinkley/openocd_0_8_0_rc2/code/install-sh'
libdir='${exec_prefix}/lib'
libexecdir='${exec_prefix}/libexec'
localedir='${datarootdir}/locale'
localstatedir='${prefix}/var'
mandir='${datarootdir}/man'
mkdir_p='$(MKDIR_P)'
oldincludedir='/usr/include'
pdfdir='${docdir}'
prefix='/usr/local'
program_transform_name='s,x,x,'
psdir='${docdir}'
sbindir='${exec_prefix}/sbin'
sharedstatedir='${prefix}/com'
subdirs=' jimtcl'
sysconfdir='${prefix}/etc'
target_alias=''

## ----------- ##
## confdefs.h. ##
## ----------- ##

/* confdefs.h */
#define PACKAGE_NAME "openocd"
#define PACKAGE_TARNAME "openocd"
#define PACKAGE_VERSION "0.8.0-rc2"
#define PACKAGE_STRING "openocd 0.8.0-rc2"
#define PACKAGE_BUGREPORT "OpenOCD Mailing List <openocd-devel@lists.sourceforge.net>"
#define PACKAGE_URL ""
#define PACKAGE "openocd"
#define VERSION "0.8.0-rc2"
#define STDC_HEADERS 1
#define HAVE_SYS_TYPES_H 1
#define HAVE_SYS_STAT_H 1
#define HAVE_STDLIB_H 1
#define HAVE_STRING_H 1
#define HAVE_MEMORY_H 1
#define HAVE_STRINGS_H 1
#define HAVE_INTTYPES_H 1
#define HAVE_STDINT_H 1
#define HAVE_UNISTD_H 1
#define LT_OBJDIR ".libs/"
#define HAVE_UNSIGNED_LONG_LONG_INT 1
#define HAVE_LONG_LONG_INT 1
#define HAVE_DIRENT_H 1
#define HAVE_FCNTL_H 1
#define HAVE_MALLOC_H 1
#define HAVE_PTHREAD_H 1
#define HAVE_STRINGS_H 1
#define HAVE_SYS_PARAM_H 1
#define HAVE_SYS_STAT_H 1
#define HAVE_SYS_TIME_H 1
#define HAVE_SYS_TYPES_H 1
#define HAVE_UNISTD_H 1
#define HAVE__BOOL 1
#define HAVE_STDBOOL_H 1
#define TIME_WITH_SYS_TIME 1
#define HAVE_GETTIMEOFDAY 1
#define HAVE_USLEEP 1
#define IS_MINGW 1
#define IS_WIN32 1
#define IS_DARWIN 0
#define BUILD_PARPORT 0
#define BUILD_DUMMY 0
#define BUILD_EP93XX 0
#define BUILD_ZY1000 0
#define BUILD_ZY1000_MASTER 0
#define BUILD_AT91RM9200 0
#define BUILD_BCM2835GPIO 0
#define PARPORT_USE_PPDEV 0
#define PARPORT_USE_GIVEIO 1
#define BUILD_BITBANG 0
#define BUILD_FT2232_LIBFTDI 0
#define BUILD_FT2232_FTD2XX 0
#define BUILD_USB_BLASTER_LIBFTDI 0
#define BUILD_JTAG_VPI 0
#define BUILD_USB_BLASTER_FTD2XX 0
#define BUILD_AMTJTAGACCEL 0
#define BUILD_GW16012 0
#define BUILD_PRESTO_LIBFTDI 0
#define BUILD_PRESTO_FTD2XX 0
#define BUILD_BITQ 0
#define BUILD_OPENJTAG 0
#define BUILD_OPENJTAG_FTD2XX 0
#define BUILD_OPENJTAG_LIBFTDI 0
#define BUILD_OOCD_TRACE 0
#define BUILD_BUSPIRATE 0
#define BUILD_REMOTE_BITBANG 0
#define BUILD_SYSFSGPIO 0
#define HAVE_LIBUSB1 1
#define HAVE_LIBUSB_ERROR_NAME 1
#define BUILD_FTDI 1
#define BUILD_HLADAPTER_STLINK 1
#define BUILD_HLADAPTER_ICDI 1
#define BUILD_ULINK 1
#define BUILD_USB_BLASTER_2 1
#define BUILD_JLINK 1
#define BUILD_OSBDM 1
#define BUILD_OPENDOUS 1
#define BUILD_AICE 1
#define BUILD_HLADAPTER 1
#define _GNU_SOURCE 1

configure: exit 0
